<?xml version="1.0" encoding="UTF-8" ?>
<testsuite failures="0" time="182.943" errors="1" skipped="0" tests="1" name="sy.test.TestHibernate">
  <properties>
    <property name="jboss.i18n.generate-proxies" value="true"/>
    <property name="java.runtime.name" value="Java(TM) SE Runtime Environment"/>
    <property name="sun.boot.library.path" value="d:\soft\MyEclipse\Common\binary\com.sun.java.jdk.win32.x86_64_1.6.0.013\jre\bin"/>
    <property name="java.vm.version" value="11.3-b02"/>
    <property name="java.vm.vendor" value="Sun Microsystems Inc."/>
    <property name="java.vendor.url" value="http://java.sun.com/"/>
    <property name="path.separator" value=";"/>
    <property name="java.vm.name" value="Java HotSpot(TM) 64-Bit Server VM"/>
    <property name="file.encoding.pkg" value="sun.io"/>
    <property name="user.country" value="CN"/>
    <property name="sun.java.launcher" value="SUN_STANDARD"/>
    <property name="sun.os.patch.level" value=""/>
    <property name="java.vm.specification.name" value="Java Virtual Machine Specification"/>
    <property name="user.dir" value="G:\myeclipseworkspace\sshe"/>
    <property name="java.runtime.version" value="1.6.0_13-b03"/>
    <property name="java.awt.graphicsenv" value="sun.awt.Win32GraphicsEnvironment"/>
    <property name="basedir" value="G:\myeclipseworkspace\sshe"/>
    <property name="java.endorsed.dirs" value="d:\soft\MyEclipse\Common\binary\com.sun.java.jdk.win32.x86_64_1.6.0.013\jre\lib\endorsed"/>
    <property name="os.arch" value="amd64"/>
    <property name="surefire.real.class.path" value="G:\myeclipseworkspace\sshe\target\surefire\surefirebooter2406371267477536490.jar"/>
    <property name="java.io.tmpdir" value="C:\Users\tusizi\AppData\Local\Temp\"/>
    <property name="line.separator" value="
"/>
    <property name="java.vm.specification.vendor" value="Sun Microsystems Inc."/>
    <property name="user.variant" value=""/>
    <property name="os.name" value="Windows Vista"/>
    <property name="sun.jnu.encoding" value="GBK"/>
    <property name="java.library.path" value="d:\soft\MyEclipse\Common\binary\com.sun.java.jdk.win32.x86_64_1.6.0.013\jre\bin;.;C:\Windows\Sun\Java\bin;C:\Windows\system32;C:\Windows;C:\Program Files (x86)\NVIDIA Corporation\PhysX\Common;C:\Windows\system32;C:\Windows;C:\Windows\System32\Wbem;C:\Windows\System32\WindowsPowerShell\v1.0\;C:\Program Files (x86)\Intel\OpenCL SDK\2.0\bin\x86;C:\Program Files (x86)\Intel\OpenCL SDK\2.0\bin\x64;D:\soft\Git\bin;D:\soft\nodejs\;D:\soft\Java\gradle-2.2.1\bin;D:\MySQL Server 5.6\bin;D:\soft\MySQL Server 5.0\bin;D:\soft\Java\apache-maven-3.2.5\bin;C:\Users\tusizi\AppData\Roaming\npm"/>
    <property name="surefire.test.class.path" value="G:\myeclipseworkspace\sshe\target\test-classes;G:\myeclipseworkspace\sshe\target\classes;C:\Users\tusizi\.m2\repository\mysql\mysql-connector-java\5.1.30\mysql-connector-java-5.1.30.jar;C:\Users\tusizi\.m2\repository\com\alibaba\druid\0.2.8\druid-0.2.8.jar;C:\Users\tusizi\.m2\repository\org\aspectj\aspectjweaver\1.7.0\aspectjweaver-1.7.0.jar;C:\Users\tusizi\.m2\repository\javax\servlet\servlet-api\2.5\servlet-api-2.5.jar;C:\Users\tusizi\.m2\repository\log4j\log4j\1.2.17\log4j-1.2.17.jar;C:\Users\tusizi\.m2\repository\junit\junit\4.11-beta-1\junit-4.11-beta-1.jar;C:\Users\tusizi\.m2\repository\org\hamcrest\hamcrest-core\1.3\hamcrest-core-1.3.jar;C:\Users\tusizi\.m2\repository\org\hibernate\hibernate-core\4.1.7.Final\hibernate-core-4.1.7.Final.jar;C:\Users\tusizi\.m2\repository\antlr\antlr\2.7.7\antlr-2.7.7.jar;C:\Users\tusizi\.m2\repository\org\jboss\logging\jboss-logging\3.1.0.GA\jboss-logging-3.1.0.GA.jar;C:\Users\tusizi\.m2\repository\org\jboss\spec\javax\transaction\jboss-transaction-api_1.1_spec\1.0.0.Final\jboss-transaction-api_1.1_spec-1.0.0.Final.jar;C:\Users\tusizi\.m2\repository\dom4j\dom4j\1.6.1\dom4j-1.6.1.jar;C:\Users\tusizi\.m2\repository\org\hibernate\javax\persistence\hibernate-jpa-2.0-api\1.0.1.Final\hibernate-jpa-2.0-api-1.0.1.Final.jar;C:\Users\tusizi\.m2\repository\org\javassist\javassist\3.15.0-GA\javassist-3.15.0-GA.jar;C:\Users\tusizi\.m2\repository\org\hibernate\common\hibernate-commons-annotations\4.0.1.Final\hibernate-commons-annotations-4.0.1.Final.jar;C:\Users\tusizi\.m2\repository\org\apache\struts\struts2-core\2.3.4.1\struts2-core-2.3.4.1.jar;C:\Users\tusizi\.m2\repository\org\apache\struts\xwork\xwork-core\2.3.4.1\xwork-core-2.3.4.1.jar;C:\Users\tusizi\.m2\repository\asm\asm\3.3\asm-3.3.jar;C:\Users\tusizi\.m2\repository\asm\asm-commons\3.3\asm-commons-3.3.jar;C:\Users\tusizi\.m2\repository\asm\asm-tree\3.3\asm-tree-3.3.jar;C:\Users\tusizi\.m2\repository\org\freemarker\freemarker\2.3.19\freemarker-2.3.19.jar;C:\Users\tusizi\.m2\repository\ognl\ognl\3.0.5\ognl-3.0.5.jar;C:\Users\tusizi\.m2\repository\commons-fileupload\commons-fileupload\1.2.2\commons-fileupload-1.2.2.jar;C:\Users\tusizi\.m2\repository\commons-io\commons-io\2.0.1\commons-io-2.0.1.jar;d:\soft\MyEclipse\Common\binary\com.sun.java.jdk.win32.x86_64_1.6.0.013\jre\..\lib\tools.jar;C:\Users\tusizi\.m2\repository\org\apache\struts\struts2-spring-plugin\2.3.4.1\struts2-spring-plugin-2.3.4.1.jar;C:\Users\tusizi\.m2\repository\org\apache\commons\commons-lang3\3.1\commons-lang3-3.1.jar;C:\Users\tusizi\.m2\repository\org\apache\struts\struts2-convention-plugin\2.3.4.1\struts2-convention-plugin-2.3.4.1.jar;C:\Users\tusizi\.m2\repository\org\springframework\spring-core\3.1.2.RELEASE\spring-core-3.1.2.RELEASE.jar;C:\Users\tusizi\.m2\repository\org\springframework\spring-asm\3.1.2.RELEASE\spring-asm-3.1.2.RELEASE.jar;C:\Users\tusizi\.m2\repository\commons-logging\commons-logging\1.1.1\commons-logging-1.1.1.jar;C:\Users\tusizi\.m2\repository\org\springframework\spring-context\3.1.2.RELEASE\spring-context-3.1.2.RELEASE.jar;C:\Users\tusizi\.m2\repository\org\springframework\spring-aop\3.1.2.RELEASE\spring-aop-3.1.2.RELEASE.jar;C:\Users\tusizi\.m2\repository\org\springframework\spring-jdbc\3.1.2.RELEASE\spring-jdbc-3.1.2.RELEASE.jar;C:\Users\tusizi\.m2\repository\org\springframework\spring-tx\3.1.2.RELEASE\spring-tx-3.1.2.RELEASE.jar;C:\Users\tusizi\.m2\repository\org\springframework\spring-beans\3.1.2.RELEASE\spring-beans-3.1.2.RELEASE.jar;C:\Users\tusizi\.m2\repository\org\springframework\spring-web\3.1.2.RELEASE\spring-web-3.1.2.RELEASE.jar;C:\Users\tusizi\.m2\repository\aopalliance\aopalliance\1.0\aopalliance-1.0.jar;C:\Users\tusizi\.m2\repository\org\springframework\spring-expression\3.1.2.RELEASE\spring-expression-3.1.2.RELEASE.jar;C:\Users\tusizi\.m2\repository\org\springframework\spring-orm\3.1.2.RELEASE\spring-orm-3.1.2.RELEASE.jar;"/>
    <property name="java.specification.name" value="Java Platform API Specification"/>
    <property name="java.class.version" value="50.0"/>
    <property name="sun.management.compiler" value="HotSpot 64-Bit Server Compiler"/>
    <property name="os.version" value="6.1"/>
    <property name="user.home" value="C:\Users\tusizi"/>
    <property name="user.timezone" value="Asia/Shanghai"/>
    <property name="java.awt.printerjob" value="sun.awt.windows.WPrinterJob"/>
    <property name="java.specification.version" value="1.6"/>
    <property name="file.encoding" value="GBK"/>
    <property name="user.name" value="tusizi"/>
    <property name="java.class.path" value="G:\myeclipseworkspace\sshe\target\test-classes;G:\myeclipseworkspace\sshe\target\classes;C:\Users\tusizi\.m2\repository\mysql\mysql-connector-java\5.1.30\mysql-connector-java-5.1.30.jar;C:\Users\tusizi\.m2\repository\com\alibaba\druid\0.2.8\druid-0.2.8.jar;C:\Users\tusizi\.m2\repository\org\aspectj\aspectjweaver\1.7.0\aspectjweaver-1.7.0.jar;C:\Users\tusizi\.m2\repository\javax\servlet\servlet-api\2.5\servlet-api-2.5.jar;C:\Users\tusizi\.m2\repository\log4j\log4j\1.2.17\log4j-1.2.17.jar;C:\Users\tusizi\.m2\repository\junit\junit\4.11-beta-1\junit-4.11-beta-1.jar;C:\Users\tusizi\.m2\repository\org\hamcrest\hamcrest-core\1.3\hamcrest-core-1.3.jar;C:\Users\tusizi\.m2\repository\org\hibernate\hibernate-core\4.1.7.Final\hibernate-core-4.1.7.Final.jar;C:\Users\tusizi\.m2\repository\antlr\antlr\2.7.7\antlr-2.7.7.jar;C:\Users\tusizi\.m2\repository\org\jboss\logging\jboss-logging\3.1.0.GA\jboss-logging-3.1.0.GA.jar;C:\Users\tusizi\.m2\repository\org\jboss\spec\javax\transaction\jboss-transaction-api_1.1_spec\1.0.0.Final\jboss-transaction-api_1.1_spec-1.0.0.Final.jar;C:\Users\tusizi\.m2\repository\dom4j\dom4j\1.6.1\dom4j-1.6.1.jar;C:\Users\tusizi\.m2\repository\org\hibernate\javax\persistence\hibernate-jpa-2.0-api\1.0.1.Final\hibernate-jpa-2.0-api-1.0.1.Final.jar;C:\Users\tusizi\.m2\repository\org\javassist\javassist\3.15.0-GA\javassist-3.15.0-GA.jar;C:\Users\tusizi\.m2\repository\org\hibernate\common\hibernate-commons-annotations\4.0.1.Final\hibernate-commons-annotations-4.0.1.Final.jar;C:\Users\tusizi\.m2\repository\org\apache\struts\struts2-core\2.3.4.1\struts2-core-2.3.4.1.jar;C:\Users\tusizi\.m2\repository\org\apache\struts\xwork\xwork-core\2.3.4.1\xwork-core-2.3.4.1.jar;C:\Users\tusizi\.m2\repository\asm\asm\3.3\asm-3.3.jar;C:\Users\tusizi\.m2\repository\asm\asm-commons\3.3\asm-commons-3.3.jar;C:\Users\tusizi\.m2\repository\asm\asm-tree\3.3\asm-tree-3.3.jar;C:\Users\tusizi\.m2\repository\org\freemarker\freemarker\2.3.19\freemarker-2.3.19.jar;C:\Users\tusizi\.m2\repository\ognl\ognl\3.0.5\ognl-3.0.5.jar;C:\Users\tusizi\.m2\repository\commons-fileupload\commons-fileupload\1.2.2\commons-fileupload-1.2.2.jar;C:\Users\tusizi\.m2\repository\commons-io\commons-io\2.0.1\commons-io-2.0.1.jar;d:\soft\MyEclipse\Common\binary\com.sun.java.jdk.win32.x86_64_1.6.0.013\jre\..\lib\tools.jar;C:\Users\tusizi\.m2\repository\org\apache\struts\struts2-spring-plugin\2.3.4.1\struts2-spring-plugin-2.3.4.1.jar;C:\Users\tusizi\.m2\repository\org\apache\commons\commons-lang3\3.1\commons-lang3-3.1.jar;C:\Users\tusizi\.m2\repository\org\apache\struts\struts2-convention-plugin\2.3.4.1\struts2-convention-plugin-2.3.4.1.jar;C:\Users\tusizi\.m2\repository\org\springframework\spring-core\3.1.2.RELEASE\spring-core-3.1.2.RELEASE.jar;C:\Users\tusizi\.m2\repository\org\springframework\spring-asm\3.1.2.RELEASE\spring-asm-3.1.2.RELEASE.jar;C:\Users\tusizi\.m2\repository\commons-logging\commons-logging\1.1.1\commons-logging-1.1.1.jar;C:\Users\tusizi\.m2\repository\org\springframework\spring-context\3.1.2.RELEASE\spring-context-3.1.2.RELEASE.jar;C:\Users\tusizi\.m2\repository\org\springframework\spring-aop\3.1.2.RELEASE\spring-aop-3.1.2.RELEASE.jar;C:\Users\tusizi\.m2\repository\org\springframework\spring-jdbc\3.1.2.RELEASE\spring-jdbc-3.1.2.RELEASE.jar;C:\Users\tusizi\.m2\repository\org\springframework\spring-tx\3.1.2.RELEASE\spring-tx-3.1.2.RELEASE.jar;C:\Users\tusizi\.m2\repository\org\springframework\spring-beans\3.1.2.RELEASE\spring-beans-3.1.2.RELEASE.jar;C:\Users\tusizi\.m2\repository\org\springframework\spring-web\3.1.2.RELEASE\spring-web-3.1.2.RELEASE.jar;C:\Users\tusizi\.m2\repository\aopalliance\aopalliance\1.0\aopalliance-1.0.jar;C:\Users\tusizi\.m2\repository\org\springframework\spring-expression\3.1.2.RELEASE\spring-expression-3.1.2.RELEASE.jar;C:\Users\tusizi\.m2\repository\org\springframework\spring-orm\3.1.2.RELEASE\spring-orm-3.1.2.RELEASE.jar;"/>
    <property name="java.vm.specification.version" value="1.0"/>
    <property name="sun.arch.data.model" value="64"/>
    <property name="java.home" value="d:\soft\MyEclipse\Common\binary\com.sun.java.jdk.win32.x86_64_1.6.0.013\jre"/>
    <property name="java.specification.vendor" value="Sun Microsystems Inc."/>
    <property name="user.language" value="zh"/>
    <property name="awt.toolkit" value="sun.awt.windows.WToolkit"/>
    <property name="java.vm.info" value="mixed mode"/>
    <property name="java.version" value="1.6.0_13"/>
    <property name="java.ext.dirs" value="d:\soft\MyEclipse\Common\binary\com.sun.java.jdk.win32.x86_64_1.6.0.013\jre\lib\ext;C:\Windows\Sun\Java\lib\ext"/>
    <property name="sun.boot.class.path" value="d:\soft\MyEclipse\Common\binary\com.sun.java.jdk.win32.x86_64_1.6.0.013\jre\lib\resources.jar;d:\soft\MyEclipse\Common\binary\com.sun.java.jdk.win32.x86_64_1.6.0.013\jre\lib\rt.jar;d:\soft\MyEclipse\Common\binary\com.sun.java.jdk.win32.x86_64_1.6.0.013\jre\lib\sunrsasign.jar;d:\soft\MyEclipse\Common\binary\com.sun.java.jdk.win32.x86_64_1.6.0.013\jre\lib\jsse.jar;d:\soft\MyEclipse\Common\binary\com.sun.java.jdk.win32.x86_64_1.6.0.013\jre\lib\jce.jar;d:\soft\MyEclipse\Common\binary\com.sun.java.jdk.win32.x86_64_1.6.0.013\jre\lib\charsets.jar;d:\soft\MyEclipse\Common\binary\com.sun.java.jdk.win32.x86_64_1.6.0.013\jre\classes"/>
    <property name="java.vendor" value="Sun Microsystems Inc."/>
    <property name="localRepository" value="C:\Users\tusizi\.m2\repository"/>
    <property name="file.separator" value="\"/>
    <property name="java.vendor.url.bug" value="http://java.sun.com/cgi-bin/bugreport.cgi"/>
    <property name="sun.cpu.endian" value="little"/>
    <property name="sun.io.unicode.encoding" value="UnicodeLittle"/>
    <property name="sun.desktop" value="windows"/>
    <property name="sun.cpu.isalist" value="amd64"/>
  </properties>
  <testcase time="182.888" classname="sy.test.TestHibernate" name="test">
    <error message="Could not open Hibernate Session for transaction; nested exception is org.hibernate.exception.GenericJDBCException: Could not open connection" type="org.springframework.transaction.CannotCreateTransactionException">org.springframework.transaction.CannotCreateTransactionException: Could not open Hibernate Session for transaction; nested exception is org.hibernate.exception.GenericJDBCException: Could not open connection
	at org.springframework.orm.hibernate4.HibernateTransactionManager.doBegin(HibernateTransactionManager.java:440)
	at org.springframework.transaction.support.AbstractPlatformTransactionManager.getTransaction(AbstractPlatformTransactionManager.java:371)
	at org.springframework.transaction.interceptor.TransactionAspectSupport.createTransactionIfNecessary(TransactionAspectSupport.java:336)
	at org.springframework.transaction.interceptor.TransactionInterceptor.invoke(TransactionInterceptor.java:105)
	at org.springframework.aop.framework.ReflectiveMethodInvocation.proceed(ReflectiveMethodInvocation.java:172)
	at org.springframework.aop.interceptor.ExposeInvocationInterceptor.invoke(ExposeInvocationInterceptor.java:90)
	at org.springframework.aop.framework.ReflectiveMethodInvocation.proceed(ReflectiveMethodInvocation.java:172)
	at org.springframework.aop.framework.JdkDynamicAopProxy.invoke(JdkDynamicAopProxy.java:202)
	at $Proxy16.save(Unknown Source)
	at sy.test.TestHibernate.test(TestHibernate.java:25)
	at sun.reflect.NativeMethodAccessorImpl.invoke0(Native Method)
	at sun.reflect.NativeMethodAccessorImpl.invoke(NativeMethodAccessorImpl.java:39)
	at sun.reflect.DelegatingMethodAccessorImpl.invoke(DelegatingMethodAccessorImpl.java:25)
	at java.lang.reflect.Method.invoke(Method.java:597)
	at org.junit.runners.model.FrameworkMethod$1.runReflectiveCall(FrameworkMethod.java:47)
	at org.junit.internal.runners.model.ReflectiveCallable.run(ReflectiveCallable.java:12)
	at org.junit.runners.model.FrameworkMethod.invokeExplosively(FrameworkMethod.java:44)
	at org.junit.internal.runners.statements.InvokeMethod.evaluate(InvokeMethod.java:17)
	at org.junit.runners.ParentRunner.runLeaf(ParentRunner.java:271)
	at org.junit.runners.BlockJUnit4ClassRunner.runChild(BlockJUnit4ClassRunner.java:70)
	at org.junit.runners.BlockJUnit4ClassRunner.runChild(BlockJUnit4ClassRunner.java:50)
	at org.junit.runners.ParentRunner$3.run(ParentRunner.java:238)
	at org.junit.runners.ParentRunner$1.schedule(ParentRunner.java:63)
	at org.junit.runners.ParentRunner.runChildren(ParentRunner.java:236)
	at org.junit.runners.ParentRunner.access$000(ParentRunner.java:53)
	at org.junit.runners.ParentRunner$2.evaluate(ParentRunner.java:229)
	at org.junit.runners.ParentRunner.run(ParentRunner.java:309)
	at org.apache.maven.surefire.junit4.JUnit4TestSet.execute(JUnit4TestSet.java:35)
	at org.apache.maven.surefire.junit4.JUnit4Provider.executeTestSet(JUnit4Provider.java:146)
	at org.apache.maven.surefire.junit4.JUnit4Provider.invoke(JUnit4Provider.java:97)
	at sun.reflect.NativeMethodAccessorImpl.invoke0(Native Method)
	at sun.reflect.NativeMethodAccessorImpl.invoke(NativeMethodAccessorImpl.java:39)
	at sun.reflect.DelegatingMethodAccessorImpl.invoke(DelegatingMethodAccessorImpl.java:25)
	at java.lang.reflect.Method.invoke(Method.java:597)
	at org.apache.maven.surefire.booter.ProviderFactory$ClassLoaderProxy.invoke(ProviderFactory.java:103)
	at $Proxy0.invoke(Unknown Source)
	at org.apache.maven.surefire.booter.SurefireStarter.invokeProvider(SurefireStarter.java:145)
	at org.apache.maven.surefire.booter.SurefireStarter.runSuitesInProcess(SurefireStarter.java:87)
	at org.apache.maven.surefire.booter.ForkedBooter.main(ForkedBooter.java:69)
Caused by: org.hibernate.exception.GenericJDBCException: Could not open connection
	at org.hibernate.exception.internal.StandardSQLExceptionConverter.convert(StandardSQLExceptionConverter.java:54)
	at org.hibernate.engine.jdbc.spi.SqlExceptionHelper.convert(SqlExceptionHelper.java:125)
	at org.hibernate.engine.jdbc.spi.SqlExceptionHelper.convert(SqlExceptionHelper.java:110)
	at org.hibernate.engine.jdbc.internal.LogicalConnectionImpl.obtainConnection(LogicalConnectionImpl.java:304)
	at org.hibernate.engine.jdbc.internal.LogicalConnectionImpl.getConnection(LogicalConnectionImpl.java:169)
	at org.hibernate.engine.transaction.internal.jdbc.JdbcTransaction.doBegin(JdbcTransaction.java:67)
	at org.hibernate.engine.transaction.spi.AbstractTransactionImpl.begin(AbstractTransactionImpl.java:160)
	at org.hibernate.internal.SessionImpl.beginTransaction(SessionImpl.java:1392)
	at org.springframework.orm.hibernate4.HibernateTransactionManager.doBegin(HibernateTransactionManager.java:399)
	... 38 more
Caused by: com.alibaba.druid.pool.GetConnectionTimeoutException: com.mysql.jdbc.exceptions.jdbc4.CommunicationsException: Communications link failure

The last packet sent successfully to the server was 0 milliseconds ago. The driver has not received any packets from the server.
	at com.alibaba.druid.pool.DruidDataSource.pollLast(DruidDataSource.java:1066)
	at com.alibaba.druid.pool.DruidDataSource.getConnectionInternal(DruidDataSource.java:748)
	at com.alibaba.druid.pool.DruidDataSource.getConnectionDirect(DruidDataSource.java:640)
	at com.alibaba.druid.filter.FilterChainImpl.dataSource_connect(FilterChainImpl.java:4530)
	at com.alibaba.druid.filter.stat.StatFilter.dataSource_getConnection(StatFilter.java:679)
	at com.alibaba.druid.filter.FilterChainImpl.dataSource_connect(FilterChainImpl.java:4526)
	at com.alibaba.druid.pool.DruidDataSource.getConnection(DruidDataSource.java:622)
	at com.alibaba.druid.pool.DruidDataSource.getConnection(DruidDataSource.java:614)
	at com.alibaba.druid.pool.DruidDataSource.getConnection(DruidDataSource.java:79)
	at org.hibernate.service.jdbc.connections.internal.DatasourceConnectionProviderImpl.getConnection(DatasourceConnectionProviderImpl.java:141)
	at org.hibernate.internal.AbstractSessionImpl$NonContextualJdbcConnectionAccess.obtainConnection(AbstractSessionImpl.java:281)
	at org.hibernate.engine.jdbc.internal.LogicalConnectionImpl.obtainConnection(LogicalConnectionImpl.java:297)
	... 43 more
Caused by: com.mysql.jdbc.exceptions.jdbc4.CommunicationsException: Communications link failure

The last packet sent successfully to the server was 0 milliseconds ago. The driver has not received any packets from the server.
	at sun.reflect.GeneratedConstructorAccessor11.newInstance(Unknown Source)
	at sun.reflect.DelegatingConstructorAccessorImpl.newInstance(DelegatingConstructorAccessorImpl.java:27)
	at java.lang.reflect.Constructor.newInstance(Constructor.java:513)
	at com.mysql.jdbc.Util.handleNewInstance(Util.java:409)
	at com.mysql.jdbc.SQLError.createCommunicationsException(SQLError.java:1127)
	at com.mysql.jdbc.MysqlIO.&lt;init&gt;(MysqlIO.java:356)
	at com.mysql.jdbc.ConnectionImpl.coreConnect(ConnectionImpl.java:2502)
	at com.mysql.jdbc.ConnectionImpl.connectOneTryOnly(ConnectionImpl.java:2539)
	at com.mysql.jdbc.ConnectionImpl.createNewIO(ConnectionImpl.java:2321)
	at com.mysql.jdbc.ConnectionImpl.&lt;init&gt;(ConnectionImpl.java:832)
	at com.mysql.jdbc.JDBC4Connection.&lt;init&gt;(JDBC4Connection.java:46)
	at sun.reflect.GeneratedConstructorAccessor8.newInstance(Unknown Source)
	at sun.reflect.DelegatingConstructorAccessorImpl.newInstance(DelegatingConstructorAccessorImpl.java:27)
	at java.lang.reflect.Constructor.newInstance(Constructor.java:513)
	at com.mysql.jdbc.Util.handleNewInstance(Util.java:409)
	at com.mysql.jdbc.ConnectionImpl.getInstance(ConnectionImpl.java:417)
	at com.mysql.jdbc.NonRegisteringDriver.connect(NonRegisteringDriver.java:344)
	at com.alibaba.druid.filter.FilterChainImpl.connection_connect(FilterChainImpl.java:142)
	at com.alibaba.druid.filter.stat.StatFilter.connection_connect(StatFilter.java:211)
	at com.alibaba.druid.filter.FilterChainImpl.connection_connect(FilterChainImpl.java:136)
	at com.alibaba.druid.pool.DruidAbstractDataSource.createPhysicalConnection(DruidAbstractDataSource.java:1243)
	at com.alibaba.druid.pool.DruidAbstractDataSource.createPhysicalConnection(DruidAbstractDataSource.java:1297)
	at com.alibaba.druid.pool.DruidDataSource$CreateConnectionThread.run(DruidDataSource.java:1207)
Caused by: java.net.ConnectException: Connection refused: connect
	at java.net.PlainSocketImpl.socketConnect(Native Method)
	at java.net.PlainSocketImpl.doConnect(PlainSocketImpl.java:333)
	at java.net.PlainSocketImpl.connectToAddress(PlainSocketImpl.java:195)
	at java.net.PlainSocketImpl.connect(PlainSocketImpl.java:182)
	at java.net.SocksSocketImpl.connect(SocksSocketImpl.java:366)
	at java.net.Socket.connect(Socket.java:519)
	at java.net.Socket.connect(Socket.java:469)
	at java.net.Socket.&lt;init&gt;(Socket.java:366)
	at java.net.Socket.&lt;init&gt;(Socket.java:209)
	at com.mysql.jdbc.StandardSocketFactory.connect(StandardSocketFactory.java:258)
	at com.mysql.jdbc.MysqlIO.&lt;init&gt;(MysqlIO.java:306)
	... 17 more
</error>
    <system-out>@HL
@HL-------------------------------------------------------
@HL T E S T S
@HL-------------------------------------------------------
@SLRunning sy.test.TestHibernate
[org.springframework.context.support.ClassPathXmlApplicationContext]Refreshing org.springframework.context.support.ClassPathXmlApplicationContext@32ef2c60: startup date [Tue Mar 17 10:52:15 CST 2015]; root of context hierarchy
[org.springframework.beans.factory.xml.XmlBeanDefinitionReader]Loading XML bean definitions from class path resource [spring.xml]
[org.springframework.beans.factory.xml.XmlBeanDefinitionReader]Loading XML bean definitions from class path resource [spring-hibernate.xml]
[org.springframework.beans.factory.config.PropertyPlaceholderConfigurer]Loading properties file from class path resource [config.properties]
[org.springframework.beans.factory.support.DefaultListableBeanFactory]Pre-instantiating singletons in org.springframework.beans.factory.support.DefaultListableBeanFactory@7f328c7a: defining beans [org.springframework.beans.factory.config.PropertyPlaceholderConfigurer#0,userDao,userService,org.springframework.context.annotation.internalConfigurationAnnotationProcessor,org.springframework.context.annotation.internalAutowiredAnnotationProcessor,org.springframework.context.annotation.internalRequiredAnnotationProcessor,org.springframework.context.annotation.internalCommonAnnotationProcessor,org.springframework.context.annotation.internalPersistenceAnnotationProcessor,dataSource,sessionFactory,transactionManager,transactionAdvice,org.springframework.aop.config.internalAutoProxyCreator,transactionPointcut,org.springframework.aop.support.DefaultBeanFactoryPointcutAdvisor#0,org.springframework.context.annotation.ConfigurationClassPostProcessor$ImportAwareBeanPostProcessor#0]; root of factory hierarchy
[com.alibaba.druid.pool.DruidAbstractDataSource]maxIdle is deprecated
[com.alibaba.druid.pool.DruidDataSource]{dataSource-1} inited
[org.hibernate.annotations.common.Version]HCANN000001: Hibernate Commons Annotations {4.0.1.Final}
[org.hibernate.Version]HHH000412: Hibernate Core {4.1.7.Final}
[org.hibernate.cfg.Environment]HHH000206: hibernate.properties not found
[org.hibernate.cfg.Environment]HHH000021: Bytecode provider name : javassist
[com.alibaba.druid.pool.DruidDataSource]create connection error
com.mysql.jdbc.exceptions.jdbc4.CommunicationsException: Communications link failure

The last packet sent successfully to the server was 0 milliseconds ago. The driver has not received any packets from the server.
	at sun.reflect.NativeConstructorAccessorImpl.newInstance0(Native Method)
	at sun.reflect.NativeConstructorAccessorImpl.newInstance(NativeConstructorAccessorImpl.java:39)
	at sun.reflect.DelegatingConstructorAccessorImpl.newInstance(DelegatingConstructorAccessorImpl.java:27)
	at java.lang.reflect.Constructor.newInstance(Constructor.java:513)
	at com.mysql.jdbc.Util.handleNewInstance(Util.java:409)
	at com.mysql.jdbc.SQLError.createCommunicationsException(SQLError.java:1127)
	at com.mysql.jdbc.MysqlIO.&lt;init&gt;(MysqlIO.java:356)
	at com.mysql.jdbc.ConnectionImpl.coreConnect(ConnectionImpl.java:2502)
	at com.mysql.jdbc.ConnectionImpl.connectOneTryOnly(ConnectionImpl.java:2539)
	at com.mysql.jdbc.ConnectionImpl.createNewIO(ConnectionImpl.java:2321)
	at com.mysql.jdbc.ConnectionImpl.&lt;init&gt;(ConnectionImpl.java:832)
	at com.mysql.jdbc.JDBC4Connection.&lt;init&gt;(JDBC4Connection.java:46)
	at sun.reflect.NativeConstructorAccessorImpl.newInstance0(Native Method)
	at sun.reflect.NativeConstructorAccessorImpl.newInstance(NativeConstructorAccessorImpl.java:39)
	at sun.reflect.DelegatingConstructorAccessorImpl.newInstance(DelegatingConstructorAccessorImpl.java:27)
	at java.lang.reflect.Constructor.newInstance(Constructor.java:513)
	at com.mysql.jdbc.Util.handleNewInstance(Util.java:409)
	at com.mysql.jdbc.ConnectionImpl.getInstance(ConnectionImpl.java:417)
	at com.mysql.jdbc.NonRegisteringDriver.connect(NonRegisteringDriver.java:344)
	at com.alibaba.druid.filter.FilterChainImpl.connection_connect(FilterChainImpl.java:142)
	at com.alibaba.druid.filter.stat.StatFilter.connection_connect(StatFilter.java:211)
	at com.alibaba.druid.filter.FilterChainImpl.connection_connect(FilterChainImpl.java:136)
	at com.alibaba.druid.pool.DruidAbstractDataSource.createPhysicalConnection(DruidAbstractDataSource.java:1243)
	at com.alibaba.druid.pool.DruidAbstractDataSource.createPhysicalConnection(DruidAbstractDataSource.java:1297)
	at com.alibaba.druid.pool.DruidDataSource$CreateConnectionThread.run(DruidDataSource.java:1207)
Caused by: java.net.ConnectException: Connection refused: connect
	at java.net.PlainSocketImpl.socketConnect(Native Method)
	at java.net.PlainSocketImpl.doConnect(PlainSocketImpl.java:333)
	at java.net.PlainSocketImpl.connectToAddress(PlainSocketImpl.java:195)
	at java.net.PlainSocketImpl.connect(PlainSocketImpl.java:182)
	at java.net.SocksSocketImpl.connect(SocksSocketImpl.java:366)
	at java.net.Socket.connect(Socket.java:519)
	at java.net.Socket.connect(Socket.java:469)
	at java.net.Socket.&lt;init&gt;(Socket.java:366)
	at java.net.Socket.&lt;init&gt;(Socket.java:209)
	at com.mysql.jdbc.StandardSocketFactory.connect(StandardSocketFactory.java:258)
	at com.mysql.jdbc.MysqlIO.&lt;init&gt;(MysqlIO.java:306)
	... 18 more
[com.alibaba.druid.pool.DruidDataSource]create connection error
com.mysql.jdbc.exceptions.jdbc4.CommunicationsException: Communications link failure

The last packet sent successfully to the server was 0 milliseconds ago. The driver has not received any packets from the server.
	at sun.reflect.NativeConstructorAccessorImpl.newInstance0(Native Method)
	at sun.reflect.NativeConstructorAccessorImpl.newInstance(NativeConstructorAccessorImpl.java:39)
	at sun.reflect.DelegatingConstructorAccessorImpl.newInstance(DelegatingConstructorAccessorImpl.java:27)
	at java.lang.reflect.Constructor.newInstance(Constructor.java:513)
	at com.mysql.jdbc.Util.handleNewInstance(Util.java:409)
	at com.mysql.jdbc.SQLError.createCommunicationsException(SQLError.java:1127)
	at com.mysql.jdbc.MysqlIO.&lt;init&gt;(MysqlIO.java:356)
	at com.mysql.jdbc.ConnectionImpl.coreConnect(ConnectionImpl.java:2502)
	at com.mysql.jdbc.ConnectionImpl.connectOneTryOnly(ConnectionImpl.java:2539)
	at com.mysql.jdbc.ConnectionImpl.createNewIO(ConnectionImpl.java:2321)
	at com.mysql.jdbc.ConnectionImpl.&lt;init&gt;(ConnectionImpl.java:832)
	at com.mysql.jdbc.JDBC4Connection.&lt;init&gt;(JDBC4Connection.java:46)
	at sun.reflect.NativeConstructorAccessorImpl.newInstance0(Native Method)
	at sun.reflect.NativeConstructorAccessorImpl.newInstance(NativeConstructorAccessorImpl.java:39)
	at sun.reflect.DelegatingConstructorAccessorImpl.newInstance(DelegatingConstructorAccessorImpl.java:27)
	at java.lang.reflect.Constructor.newInstance(Constructor.java:513)
	at com.mysql.jdbc.Util.handleNewInstance(Util.java:409)
	at com.mysql.jdbc.ConnectionImpl.getInstance(ConnectionImpl.java:417)
	at com.mysql.jdbc.NonRegisteringDriver.connect(NonRegisteringDriver.java:344)
	at com.alibaba.druid.filter.FilterChainImpl.connection_connect(FilterChainImpl.java:142)
	at com.alibaba.druid.filter.stat.StatFilter.connection_connect(StatFilter.java:211)
	at com.alibaba.druid.filter.FilterChainImpl.connection_connect(FilterChainImpl.java:136)
	at com.alibaba.druid.pool.DruidAbstractDataSource.createPhysicalConnection(DruidAbstractDataSource.java:1243)
	at com.alibaba.druid.pool.DruidAbstractDataSource.createPhysicalConnection(DruidAbstractDataSource.java:1297)
	at com.alibaba.druid.pool.DruidDataSource$CreateConnectionThread.run(DruidDataSource.java:1207)
Caused by: java.net.ConnectException: Connection refused: connect
	at java.net.PlainSocketImpl.socketConnect(Native Method)
	at java.net.PlainSocketImpl.doConnect(PlainSocketImpl.java:333)
	at java.net.PlainSocketImpl.connectToAddress(PlainSocketImpl.java:195)
	at java.net.PlainSocketImpl.connect(PlainSocketImpl.java:182)
	at java.net.SocksSocketImpl.connect(SocksSocketImpl.java:366)
	at java.net.Socket.connect(Socket.java:519)
	at java.net.Socket.connect(Socket.java:469)
	at java.net.Socket.&lt;init&gt;(Socket.java:366)
	at java.net.Socket.&lt;init&gt;(Socket.java:209)
	at com.mysql.jdbc.StandardSocketFactory.connect(StandardSocketFactory.java:258)
	at com.mysql.jdbc.MysqlIO.&lt;init&gt;(MysqlIO.java:306)
	... 18 more
[com.alibaba.druid.pool.DruidDataSource]create connection error
com.mysql.jdbc.exceptions.jdbc4.CommunicationsException: Communications link failure

The last packet sent successfully to the server was 0 milliseconds ago. The driver has not received any packets from the server.
	at sun.reflect.NativeConstructorAccessorImpl.newInstance0(Native Method)
	at sun.reflect.NativeConstructorAccessorImpl.newInstance(NativeConstructorAccessorImpl.java:39)
	at sun.reflect.DelegatingConstructorAccessorImpl.newInstance(DelegatingConstructorAccessorImpl.java:27)
	at java.lang.reflect.Constructor.newInstance(Constructor.java:513)
	at com.mysql.jdbc.Util.handleNewInstance(Util.java:409)
	at com.mysql.jdbc.SQLError.createCommunicationsException(SQLError.java:1127)
	at com.mysql.jdbc.MysqlIO.&lt;init&gt;(MysqlIO.java:356)
	at com.mysql.jdbc.ConnectionImpl.coreConnect(ConnectionImpl.java:2502)
	at com.mysql.jdbc.ConnectionImpl.connectOneTryOnly(ConnectionImpl.java:2539)
	at com.mysql.jdbc.ConnectionImpl.createNewIO(ConnectionImpl.java:2321)
	at com.mysql.jdbc.ConnectionImpl.&lt;init&gt;(ConnectionImpl.java:832)
	at com.mysql.jdbc.JDBC4Connection.&lt;init&gt;(JDBC4Connection.java:46)
	at sun.reflect.NativeConstructorAccessorImpl.newInstance0(Native Method)
	at sun.reflect.NativeConstructorAccessorImpl.newInstance(NativeConstructorAccessorImpl.java:39)
	at sun.reflect.DelegatingConstructorAccessorImpl.newInstance(DelegatingConstructorAccessorImpl.java:27)
	at java.lang.reflect.Constructor.newInstance(Constructor.java:513)
	at com.mysql.jdbc.Util.handleNewInstance(Util.java:409)
	at com.mysql.jdbc.ConnectionImpl.getInstance(ConnectionImpl.java:417)
	at com.mysql.jdbc.NonRegisteringDriver.connect(NonRegisteringDriver.java:344)
	at com.alibaba.druid.filter.FilterChainImpl.connection_connect(FilterChainImpl.java:142)
	at com.alibaba.druid.filter.stat.StatFilter.connection_connect(StatFilter.java:211)
	at com.alibaba.druid.filter.FilterChainImpl.connection_connect(FilterChainImpl.java:136)
	at com.alibaba.druid.pool.DruidAbstractDataSource.createPhysicalConnection(DruidAbstractDataSource.java:1243)
	at com.alibaba.druid.pool.DruidAbstractDataSource.createPhysicalConnection(DruidAbstractDataSource.java:1297)
	at com.alibaba.druid.pool.DruidDataSource$CreateConnectionThread.run(DruidDataSource.java:1207)
Caused by: java.net.ConnectException: Connection refused: connect
	at java.net.PlainSocketImpl.socketConnect(Native Method)
	at java.net.PlainSocketImpl.doConnect(PlainSocketImpl.java:333)
	at java.net.PlainSocketImpl.connectToAddress(PlainSocketImpl.java:195)
	at java.net.PlainSocketImpl.connect(PlainSocketImpl.java:182)
	at java.net.SocksSocketImpl.connect(SocksSocketImpl.java:366)
	at java.net.Socket.connect(Socket.java:519)
	at java.net.Socket.connect(Socket.java:469)
	at java.net.Socket.&lt;init&gt;(Socket.java:366)
	at java.net.Socket.&lt;init&gt;(Socket.java:209)
	at com.mysql.jdbc.StandardSocketFactory.connect(StandardSocketFactory.java:258)
	at com.mysql.jdbc.MysqlIO.&lt;init&gt;(MysqlIO.java:306)
	... 18 more
[com.alibaba.druid.pool.DruidDataSource]create connection error
com.mysql.jdbc.exceptions.jdbc4.CommunicationsException: Communications link failure

The last packet sent successfully to the server was 0 milliseconds ago. The driver has not received any packets from the server.
	at sun.reflect.NativeConstructorAccessorImpl.newInstance0(Native Method)
	at sun.reflect.NativeConstructorAccessorImpl.newInstance(NativeConstructorAccessorImpl.java:39)
	at sun.reflect.DelegatingConstructorAccessorImpl.newInstance(DelegatingConstructorAccessorImpl.java:27)
	at java.lang.reflect.Constructor.newInstance(Constructor.java:513)
	at com.mysql.jdbc.Util.handleNewInstance(Util.java:409)
	at com.mysql.jdbc.SQLError.createCommunicationsException(SQLError.java:1127)
	at com.mysql.jdbc.MysqlIO.&lt;init&gt;(MysqlIO.java:356)
	at com.mysql.jdbc.ConnectionImpl.coreConnect(ConnectionImpl.java:2502)
	at com.mysql.jdbc.ConnectionImpl.connectOneTryOnly(ConnectionImpl.java:2539)
	at com.mysql.jdbc.ConnectionImpl.createNewIO(ConnectionImpl.java:2321)
	at com.mysql.jdbc.ConnectionImpl.&lt;init&gt;(ConnectionImpl.java:832)
	at com.mysql.jdbc.JDBC4Connection.&lt;init&gt;(JDBC4Connection.java:46)
	at sun.reflect.NativeConstructorAccessorImpl.newInstance0(Native Method)
	at sun.reflect.NativeConstructorAccessorImpl.newInstance(NativeConstructorAccessorImpl.java:39)
	at sun.reflect.DelegatingConstructorAccessorImpl.newInstance(DelegatingConstructorAccessorImpl.java:27)
	at java.lang.reflect.Constructor.newInstance(Constructor.java:513)
	at com.mysql.jdbc.Util.handleNewInstance(Util.java:409)
	at com.mysql.jdbc.ConnectionImpl.getInstance(ConnectionImpl.java:417)
	at com.mysql.jdbc.NonRegisteringDriver.connect(NonRegisteringDriver.java:344)
	at com.alibaba.druid.filter.FilterChainImpl.connection_connect(FilterChainImpl.java:142)
	at com.alibaba.druid.filter.stat.StatFilter.connection_connect(StatFilter.java:211)
	at com.alibaba.druid.filter.FilterChainImpl.connection_connect(FilterChainImpl.java:136)
	at com.alibaba.druid.pool.DruidAbstractDataSource.createPhysicalConnection(DruidAbstractDataSource.java:1243)
	at com.alibaba.druid.pool.DruidAbstractDataSource.createPhysicalConnection(DruidAbstractDataSource.java:1297)
	at com.alibaba.druid.pool.DruidDataSource$CreateConnectionThread.run(DruidDataSource.java:1207)
Caused by: java.net.ConnectException: Connection refused: connect
	at java.net.PlainSocketImpl.socketConnect(Native Method)
	at java.net.PlainSocketImpl.doConnect(PlainSocketImpl.java:333)
	at java.net.PlainSocketImpl.connectToAddress(PlainSocketImpl.java:195)
	at java.net.PlainSocketImpl.connect(PlainSocketImpl.java:182)
	at java.net.SocksSocketImpl.connect(SocksSocketImpl.java:366)
	at java.net.Socket.connect(Socket.java:519)
	at java.net.Socket.connect(Socket.java:469)
	at java.net.Socket.&lt;init&gt;(Socket.java:366)
	at java.net.Socket.&lt;init&gt;(Socket.java:209)
	at com.mysql.jdbc.StandardSocketFactory.connect(StandardSocketFactory.java:258)
	at com.mysql.jdbc.MysqlIO.&lt;init&gt;(MysqlIO.java:306)
	... 18 more
[com.alibaba.druid.pool.DruidDataSource]create connection error
com.mysql.jdbc.exceptions.jdbc4.CommunicationsException: Communications link failure

The last packet sent successfully to the server was 0 milliseconds ago. The driver has not received any packets from the server.
	at sun.reflect.NativeConstructorAccessorImpl.newInstance0(Native Method)
	at sun.reflect.NativeConstructorAccessorImpl.newInstance(NativeConstructorAccessorImpl.java:39)
	at sun.reflect.DelegatingConstructorAccessorImpl.newInstance(DelegatingConstructorAccessorImpl.java:27)
	at java.lang.reflect.Constructor.newInstance(Constructor.java:513)
	at com.mysql.jdbc.Util.handleNewInstance(Util.java:409)
	at com.mysql.jdbc.SQLError.createCommunicationsException(SQLError.java:1127)
	at com.mysql.jdbc.MysqlIO.&lt;init&gt;(MysqlIO.java:356)
	at com.mysql.jdbc.ConnectionImpl.coreConnect(ConnectionImpl.java:2502)
	at com.mysql.jdbc.ConnectionImpl.connectOneTryOnly(ConnectionImpl.java:2539)
	at com.mysql.jdbc.ConnectionImpl.createNewIO(ConnectionImpl.java:2321)
	at com.mysql.jdbc.ConnectionImpl.&lt;init&gt;(ConnectionImpl.java:832)
	at com.mysql.jdbc.JDBC4Connection.&lt;init&gt;(JDBC4Connection.java:46)
	at sun.reflect.NativeConstructorAccessorImpl.newInstance0(Native Method)
	at sun.reflect.NativeConstructorAccessorImpl.newInstance(NativeConstructorAccessorImpl.java:39)
	at sun.reflect.DelegatingConstructorAccessorImpl.newInstance(DelegatingConstructorAccessorImpl.java:27)
	at java.lang.reflect.Constructor.newInstance(Constructor.java:513)
	at com.mysql.jdbc.Util.handleNewInstance(Util.java:409)
	at com.mysql.jdbc.ConnectionImpl.getInstance(ConnectionImpl.java:417)
	at com.mysql.jdbc.NonRegisteringDriver.connect(NonRegisteringDriver.java:344)
	at com.alibaba.druid.filter.FilterChainImpl.connection_connect(FilterChainImpl.java:142)
	at com.alibaba.druid.filter.stat.StatFilter.connection_connect(StatFilter.java:211)
	at com.alibaba.druid.filter.FilterChainImpl.connection_connect(FilterChainImpl.java:136)
	at com.alibaba.druid.pool.DruidAbstractDataSource.createPhysicalConnection(DruidAbstractDataSource.java:1243)
	at com.alibaba.druid.pool.DruidAbstractDataSource.createPhysicalConnection(DruidAbstractDataSource.java:1297)
	at com.alibaba.druid.pool.DruidDataSource$CreateConnectionThread.run(DruidDataSource.java:1207)
Caused by: java.net.ConnectException: Connection refused: connect
	at java.net.PlainSocketImpl.socketConnect(Native Method)
	at java.net.PlainSocketImpl.doConnect(PlainSocketImpl.java:333)
	at java.net.PlainSocketImpl.connectToAddress(PlainSocketImpl.java:195)
	at java.net.PlainSocketImpl.connect(PlainSocketImpl.java:182)
	at java.net.SocksSocketImpl.connect(SocksSocketImpl.java:366)
	at java.net.Socket.connect(Socket.java:519)
	at java.net.Socket.connect(Socket.java:469)
	at java.net.Socket.&lt;init&gt;(Socket.java:366)
	at java.net.Socket.&lt;init&gt;(Socket.java:209)
	at com.mysql.jdbc.StandardSocketFactory.connect(StandardSocketFactory.java:258)
	at com.mysql.jdbc.MysqlIO.&lt;init&gt;(MysqlIO.java:306)
	... 18 more
[com.alibaba.druid.pool.DruidDataSource]create connection error
com.mysql.jdbc.exceptions.jdbc4.CommunicationsException: Communications link failure

The last packet sent successfully to the server was 0 milliseconds ago. The driver has not received any packets from the server.
	at sun.reflect.NativeConstructorAccessorImpl.newInstance0(Native Method)
	at sun.reflect.NativeConstructorAccessorImpl.newInstance(NativeConstructorAccessorImpl.java:39)
	at sun.reflect.DelegatingConstructorAccessorImpl.newInstance(DelegatingConstructorAccessorImpl.java:27)
	at java.lang.reflect.Constructor.newInstance(Constructor.java:513)
	at com.mysql.jdbc.Util.handleNewInstance(Util.java:409)
	at com.mysql.jdbc.SQLError.createCommunicationsException(SQLError.java:1127)
	at com.mysql.jdbc.MysqlIO.&lt;init&gt;(MysqlIO.java:356)
	at com.mysql.jdbc.ConnectionImpl.coreConnect(ConnectionImpl.java:2502)
	at com.mysql.jdbc.ConnectionImpl.connectOneTryOnly(ConnectionImpl.java:2539)
	at com.mysql.jdbc.ConnectionImpl.createNewIO(ConnectionImpl.java:2321)
	at com.mysql.jdbc.ConnectionImpl.&lt;init&gt;(ConnectionImpl.java:832)
	at com.mysql.jdbc.JDBC4Connection.&lt;init&gt;(JDBC4Connection.java:46)
	at sun.reflect.NativeConstructorAccessorImpl.newInstance0(Native Method)
	at sun.reflect.NativeConstructorAccessorImpl.newInstance(NativeConstructorAccessorImpl.java:39)
	at sun.reflect.DelegatingConstructorAccessorImpl.newInstance(DelegatingConstructorAccessorImpl.java:27)
	at java.lang.reflect.Constructor.newInstance(Constructor.java:513)
	at com.mysql.jdbc.Util.handleNewInstance(Util.java:409)
	at com.mysql.jdbc.ConnectionImpl.getInstance(ConnectionImpl.java:417)
	at com.mysql.jdbc.NonRegisteringDriver.connect(NonRegisteringDriver.java:344)
	at com.alibaba.druid.filter.FilterChainImpl.connection_connect(FilterChainImpl.java:142)
	at com.alibaba.druid.filter.stat.StatFilter.connection_connect(StatFilter.java:211)
	at com.alibaba.druid.filter.FilterChainImpl.connection_connect(FilterChainImpl.java:136)
	at com.alibaba.druid.pool.DruidAbstractDataSource.createPhysicalConnection(DruidAbstractDataSource.java:1243)
	at com.alibaba.druid.pool.DruidAbstractDataSource.createPhysicalConnection(DruidAbstractDataSource.java:1297)
	at com.alibaba.druid.pool.DruidDataSource$CreateConnectionThread.run(DruidDataSource.java:1207)
Caused by: java.net.ConnectException: Connection refused: connect
	at java.net.PlainSocketImpl.socketConnect(Native Method)
	at java.net.PlainSocketImpl.doConnect(PlainSocketImpl.java:333)
	at java.net.PlainSocketImpl.connectToAddress(PlainSocketImpl.java:195)
	at java.net.PlainSocketImpl.connect(PlainSocketImpl.java:182)
	at java.net.SocksSocketImpl.connect(SocksSocketImpl.java:366)
	at java.net.Socket.connect(Socket.java:519)
	at java.net.Socket.connect(Socket.java:469)
	at java.net.Socket.&lt;init&gt;(Socket.java:366)
	at java.net.Socket.&lt;init&gt;(Socket.java:209)
	at com.mysql.jdbc.StandardSocketFactory.connect(StandardSocketFactory.java:258)
	at com.mysql.jdbc.MysqlIO.&lt;init&gt;(MysqlIO.java:306)
	... 18 more
[com.alibaba.druid.pool.DruidDataSource]create connection error
com.mysql.jdbc.exceptions.jdbc4.CommunicationsException: Communications link failure

The last packet sent successfully to the server was 0 milliseconds ago. The driver has not received any packets from the server.
	at sun.reflect.NativeConstructorAccessorImpl.newInstance0(Native Method)
	at sun.reflect.NativeConstructorAccessorImpl.newInstance(NativeConstructorAccessorImpl.java:39)
	at sun.reflect.DelegatingConstructorAccessorImpl.newInstance(DelegatingConstructorAccessorImpl.java:27)
	at java.lang.reflect.Constructor.newInstance(Constructor.java:513)
	at com.mysql.jdbc.Util.handleNewInstance(Util.java:409)
	at com.mysql.jdbc.SQLError.createCommunicationsException(SQLError.java:1127)
	at com.mysql.jdbc.MysqlIO.&lt;init&gt;(MysqlIO.java:356)
	at com.mysql.jdbc.ConnectionImpl.coreConnect(ConnectionImpl.java:2502)
	at com.mysql.jdbc.ConnectionImpl.connectOneTryOnly(ConnectionImpl.java:2539)
	at com.mysql.jdbc.ConnectionImpl.createNewIO(ConnectionImpl.java:2321)
	at com.mysql.jdbc.ConnectionImpl.&lt;init&gt;(ConnectionImpl.java:832)
	at com.mysql.jdbc.JDBC4Connection.&lt;init&gt;(JDBC4Connection.java:46)
	at sun.reflect.NativeConstructorAccessorImpl.newInstance0(Native Method)
	at sun.reflect.NativeConstructorAccessorImpl.newInstance(NativeConstructorAccessorImpl.java:39)
	at sun.reflect.DelegatingConstructorAccessorImpl.newInstance(DelegatingConstructorAccessorImpl.java:27)
	at java.lang.reflect.Constructor.newInstance(Constructor.java:513)
	at com.mysql.jdbc.Util.handleNewInstance(Util.java:409)
	at com.mysql.jdbc.ConnectionImpl.getInstance(ConnectionImpl.java:417)
	at com.mysql.jdbc.NonRegisteringDriver.connect(NonRegisteringDriver.java:344)
	at com.alibaba.druid.filter.FilterChainImpl.connection_connect(FilterChainImpl.java:142)
	at com.alibaba.druid.filter.stat.StatFilter.connection_connect(StatFilter.java:211)
	at com.alibaba.druid.filter.FilterChainImpl.connection_connect(FilterChainImpl.java:136)
	at com.alibaba.druid.pool.DruidAbstractDataSource.createPhysicalConnection(DruidAbstractDataSource.java:1243)
	at com.alibaba.druid.pool.DruidAbstractDataSource.createPhysicalConnection(DruidAbstractDataSource.java:1297)
	at com.alibaba.druid.pool.DruidDataSource$CreateConnectionThread.run(DruidDataSource.java:1207)
Caused by: java.net.ConnectException: Connection refused: connect
	at java.net.PlainSocketImpl.socketConnect(Native Method)
	at java.net.PlainSocketImpl.doConnect(PlainSocketImpl.java:333)
	at java.net.PlainSocketImpl.connectToAddress(PlainSocketImpl.java:195)
	at java.net.PlainSocketImpl.connect(PlainSocketImpl.java:182)
	at java.net.SocksSocketImpl.connect(SocksSocketImpl.java:366)
	at java.net.Socket.connect(Socket.java:519)
	at java.net.Socket.connect(Socket.java:469)
	at java.net.Socket.&lt;init&gt;(Socket.java:366)
	at java.net.Socket.&lt;init&gt;(Socket.java:209)
	at com.mysql.jdbc.StandardSocketFactory.connect(StandardSocketFactory.java:258)
	at com.mysql.jdbc.MysqlIO.&lt;init&gt;(MysqlIO.java:306)
	... 18 more
[com.alibaba.druid.pool.DruidDataSource]create connection error
com.mysql.jdbc.exceptions.jdbc4.CommunicationsException: Communications link failure

The last packet sent successfully to the server was 0 milliseconds ago. The driver has not received any packets from the server.
	at sun.reflect.NativeConstructorAccessorImpl.newInstance0(Native Method)
	at sun.reflect.NativeConstructorAccessorImpl.newInstance(NativeConstructorAccessorImpl.java:39)
	at sun.reflect.DelegatingConstructorAccessorImpl.newInstance(DelegatingConstructorAccessorImpl.java:27)
	at java.lang.reflect.Constructor.newInstance(Constructor.java:513)
	at com.mysql.jdbc.Util.handleNewInstance(Util.java:409)
	at com.mysql.jdbc.SQLError.createCommunicationsException(SQLError.java:1127)
	at com.mysql.jdbc.MysqlIO.&lt;init&gt;(MysqlIO.java:356)
	at com.mysql.jdbc.ConnectionImpl.coreConnect(ConnectionImpl.java:2502)
	at com.mysql.jdbc.ConnectionImpl.connectOneTryOnly(ConnectionImpl.java:2539)
	at com.mysql.jdbc.ConnectionImpl.createNewIO(ConnectionImpl.java:2321)
	at com.mysql.jdbc.ConnectionImpl.&lt;init&gt;(ConnectionImpl.java:832)
	at com.mysql.jdbc.JDBC4Connection.&lt;init&gt;(JDBC4Connection.java:46)
	at sun.reflect.NativeConstructorAccessorImpl.newInstance0(Native Method)
	at sun.reflect.NativeConstructorAccessorImpl.newInstance(NativeConstructorAccessorImpl.java:39)
	at sun.reflect.DelegatingConstructorAccessorImpl.newInstance(DelegatingConstructorAccessorImpl.java:27)
	at java.lang.reflect.Constructor.newInstance(Constructor.java:513)
	at com.mysql.jdbc.Util.handleNewInstance(Util.java:409)
	at com.mysql.jdbc.ConnectionImpl.getInstance(ConnectionImpl.java:417)
	at com.mysql.jdbc.NonRegisteringDriver.connect(NonRegisteringDriver.java:344)
	at com.alibaba.druid.filter.FilterChainImpl.connection_connect(FilterChainImpl.java:142)
	at com.alibaba.druid.filter.stat.StatFilter.connection_connect(StatFilter.java:211)
	at com.alibaba.druid.filter.FilterChainImpl.connection_connect(FilterChainImpl.java:136)
	at com.alibaba.druid.pool.DruidAbstractDataSource.createPhysicalConnection(DruidAbstractDataSource.java:1243)
	at com.alibaba.druid.pool.DruidAbstractDataSource.createPhysicalConnection(DruidAbstractDataSource.java:1297)
	at com.alibaba.druid.pool.DruidDataSource$CreateConnectionThread.run(DruidDataSource.java:1207)
Caused by: java.net.ConnectException: Connection refused: connect
	at java.net.PlainSocketImpl.socketConnect(Native Method)
	at java.net.PlainSocketImpl.doConnect(PlainSocketImpl.java:333)
	at java.net.PlainSocketImpl.connectToAddress(PlainSocketImpl.java:195)
	at java.net.PlainSocketImpl.connect(PlainSocketImpl.java:182)
	at java.net.SocksSocketImpl.connect(SocksSocketImpl.java:366)
	at java.net.Socket.connect(Socket.java:519)
	at java.net.Socket.connect(Socket.java:469)
	at java.net.Socket.&lt;init&gt;(Socket.java:366)
	at java.net.Socket.&lt;init&gt;(Socket.java:209)
	at com.mysql.jdbc.StandardSocketFactory.connect(StandardSocketFactory.java:258)
	at com.mysql.jdbc.MysqlIO.&lt;init&gt;(MysqlIO.java:306)
	... 18 more
[com.alibaba.druid.pool.DruidDataSource]create connection error
com.mysql.jdbc.exceptions.jdbc4.CommunicationsException: Communications link failure

The last packet sent successfully to the server was 0 milliseconds ago. The driver has not received any packets from the server.
	at sun.reflect.NativeConstructorAccessorImpl.newInstance0(Native Method)
	at sun.reflect.NativeConstructorAccessorImpl.newInstance(NativeConstructorAccessorImpl.java:39)
	at sun.reflect.DelegatingConstructorAccessorImpl.newInstance(DelegatingConstructorAccessorImpl.java:27)
	at java.lang.reflect.Constructor.newInstance(Constructor.java:513)
	at com.mysql.jdbc.Util.handleNewInstance(Util.java:409)
	at com.mysql.jdbc.SQLError.createCommunicationsException(SQLError.java:1127)
	at com.mysql.jdbc.MysqlIO.&lt;init&gt;(MysqlIO.java:356)
	at com.mysql.jdbc.ConnectionImpl.coreConnect(ConnectionImpl.java:2502)
	at com.mysql.jdbc.ConnectionImpl.connectOneTryOnly(ConnectionImpl.java:2539)
	at com.mysql.jdbc.ConnectionImpl.createNewIO(ConnectionImpl.java:2321)
	at com.mysql.jdbc.ConnectionImpl.&lt;init&gt;(ConnectionImpl.java:832)
	at com.mysql.jdbc.JDBC4Connection.&lt;init&gt;(JDBC4Connection.java:46)
	at sun.reflect.NativeConstructorAccessorImpl.newInstance0(Native Method)
	at sun.reflect.NativeConstructorAccessorImpl.newInstance(NativeConstructorAccessorImpl.java:39)
	at sun.reflect.DelegatingConstructorAccessorImpl.newInstance(DelegatingConstructorAccessorImpl.java:27)
	at java.lang.reflect.Constructor.newInstance(Constructor.java:513)
	at com.mysql.jdbc.Util.handleNewInstance(Util.java:409)
	at com.mysql.jdbc.ConnectionImpl.getInstance(ConnectionImpl.java:417)
	at com.mysql.jdbc.NonRegisteringDriver.connect(NonRegisteringDriver.java:344)
	at com.alibaba.druid.filter.FilterChainImpl.connection_connect(FilterChainImpl.java:142)
	at com.alibaba.druid.filter.stat.StatFilter.connection_connect(StatFilter.java:211)
	at com.alibaba.druid.filter.FilterChainImpl.connection_connect(FilterChainImpl.java:136)
	at com.alibaba.druid.pool.DruidAbstractDataSource.createPhysicalConnection(DruidAbstractDataSource.java:1243)
	at com.alibaba.druid.pool.DruidAbstractDataSource.createPhysicalConnection(DruidAbstractDataSource.java:1297)
	at com.alibaba.druid.pool.DruidDataSource$CreateConnectionThread.run(DruidDataSource.java:1207)
Caused by: java.net.ConnectException: Connection refused: connect
	at java.net.PlainSocketImpl.socketConnect(Native Method)
	at java.net.PlainSocketImpl.doConnect(PlainSocketImpl.java:333)
	at java.net.PlainSocketImpl.connectToAddress(PlainSocketImpl.java:195)
	at java.net.PlainSocketImpl.connect(PlainSocketImpl.java:182)
	at java.net.SocksSocketImpl.connect(SocksSocketImpl.java:366)
	at java.net.Socket.connect(Socket.java:519)
	at java.net.Socket.connect(Socket.java:469)
	at java.net.Socket.&lt;init&gt;(Socket.java:366)
	at java.net.Socket.&lt;init&gt;(Socket.java:209)
	at com.mysql.jdbc.StandardSocketFactory.connect(StandardSocketFactory.java:258)
	at com.mysql.jdbc.MysqlIO.&lt;init&gt;(MysqlIO.java:306)
	... 18 more
[com.alibaba.druid.pool.DruidDataSource]create connection error
com.mysql.jdbc.exceptions.jdbc4.CommunicationsException: Communications link failure

The last packet sent successfully to the server was 0 milliseconds ago. The driver has not received any packets from the server.
	at sun.reflect.NativeConstructorAccessorImpl.newInstance0(Native Method)
	at sun.reflect.NativeConstructorAccessorImpl.newInstance(NativeConstructorAccessorImpl.java:39)
	at sun.reflect.DelegatingConstructorAccessorImpl.newInstance(DelegatingConstructorAccessorImpl.java:27)
	at java.lang.reflect.Constructor.newInstance(Constructor.java:513)
	at com.mysql.jdbc.Util.handleNewInstance(Util.java:409)
	at com.mysql.jdbc.SQLError.createCommunicationsException(SQLError.java:1127)
	at com.mysql.jdbc.MysqlIO.&lt;init&gt;(MysqlIO.java:356)
	at com.mysql.jdbc.ConnectionImpl.coreConnect(ConnectionImpl.java:2502)
	at com.mysql.jdbc.ConnectionImpl.connectOneTryOnly(ConnectionImpl.java:2539)
	at com.mysql.jdbc.ConnectionImpl.createNewIO(ConnectionImpl.java:2321)
	at com.mysql.jdbc.ConnectionImpl.&lt;init&gt;(ConnectionImpl.java:832)
	at com.mysql.jdbc.JDBC4Connection.&lt;init&gt;(JDBC4Connection.java:46)
	at sun.reflect.NativeConstructorAccessorImpl.newInstance0(Native Method)
	at sun.reflect.NativeConstructorAccessorImpl.newInstance(NativeConstructorAccessorImpl.java:39)
	at sun.reflect.DelegatingConstructorAccessorImpl.newInstance(DelegatingConstructorAccessorImpl.java:27)
	at java.lang.reflect.Constructor.newInstance(Constructor.java:513)
	at com.mysql.jdbc.Util.handleNewInstance(Util.java:409)
	at com.mysql.jdbc.ConnectionImpl.getInstance(ConnectionImpl.java:417)
	at com.mysql.jdbc.NonRegisteringDriver.connect(NonRegisteringDriver.java:344)
	at com.alibaba.druid.filter.FilterChainImpl.connection_connect(FilterChainImpl.java:142)
	at com.alibaba.druid.filter.stat.StatFilter.connection_connect(StatFilter.java:211)
	at com.alibaba.druid.filter.FilterChainImpl.connection_connect(FilterChainImpl.java:136)
	at com.alibaba.druid.pool.DruidAbstractDataSource.createPhysicalConnection(DruidAbstractDataSource.java:1243)
	at com.alibaba.druid.pool.DruidAbstractDataSource.createPhysicalConnection(DruidAbstractDataSource.java:1297)
	at com.alibaba.druid.pool.DruidDataSource$CreateConnectionThread.run(DruidDataSource.java:1207)
Caused by: java.net.ConnectException: Connection refused: connect
	at java.net.PlainSocketImpl.socketConnect(Native Method)
	at java.net.PlainSocketImpl.doConnect(PlainSocketImpl.java:333)
	at java.net.PlainSocketImpl.connectToAddress(PlainSocketImpl.java:195)
	at java.net.PlainSocketImpl.connect(PlainSocketImpl.java:182)
	at java.net.SocksSocketImpl.connect(SocksSocketImpl.java:366)
	at java.net.Socket.connect(Socket.java:519)
	at java.net.Socket.connect(Socket.java:469)
	at java.net.Socket.&lt;init&gt;(Socket.java:366)
	at java.net.Socket.&lt;init&gt;(Socket.java:209)
	at com.mysql.jdbc.StandardSocketFactory.connect(StandardSocketFactory.java:258)
	at com.mysql.jdbc.MysqlIO.&lt;init&gt;(MysqlIO.java:306)
	... 18 more
[com.alibaba.druid.pool.DruidDataSource]create connection error
com.mysql.jdbc.exceptions.jdbc4.CommunicationsException: Communications link failure

The last packet sent successfully to the server was 0 milliseconds ago. The driver has not received any packets from the server.
	at sun.reflect.NativeConstructorAccessorImpl.newInstance0(Native Method)
	at sun.reflect.NativeConstructorAccessorImpl.newInstance(NativeConstructorAccessorImpl.java:39)
	at sun.reflect.DelegatingConstructorAccessorImpl.newInstance(DelegatingConstructorAccessorImpl.java:27)
	at java.lang.reflect.Constructor.newInstance(Constructor.java:513)
	at com.mysql.jdbc.Util.handleNewInstance(Util.java:409)
	at com.mysql.jdbc.SQLError.createCommunicationsException(SQLError.java:1127)
	at com.mysql.jdbc.MysqlIO.&lt;init&gt;(MysqlIO.java:356)
	at com.mysql.jdbc.ConnectionImpl.coreConnect(ConnectionImpl.java:2502)
	at com.mysql.jdbc.ConnectionImpl.connectOneTryOnly(ConnectionImpl.java:2539)
	at com.mysql.jdbc.ConnectionImpl.createNewIO(ConnectionImpl.java:2321)
	at com.mysql.jdbc.ConnectionImpl.&lt;init&gt;(ConnectionImpl.java:832)
	at com.mysql.jdbc.JDBC4Connection.&lt;init&gt;(JDBC4Connection.java:46)
	at sun.reflect.NativeConstructorAccessorImpl.newInstance0(Native Method)
	at sun.reflect.NativeConstructorAccessorImpl.newInstance(NativeConstructorAccessorImpl.java:39)
	at sun.reflect.DelegatingConstructorAccessorImpl.newInstance(DelegatingConstructorAccessorImpl.java:27)
	at java.lang.reflect.Constructor.newInstance(Constructor.java:513)
	at com.mysql.jdbc.Util.handleNewInstance(Util.java:409)
	at com.mysql.jdbc.ConnectionImpl.getInstance(ConnectionImpl.java:417)
	at com.mysql.jdbc.NonRegisteringDriver.connect(NonRegisteringDriver.java:344)
	at com.alibaba.druid.filter.FilterChainImpl.connection_connect(FilterChainImpl.java:142)
	at com.alibaba.druid.filter.stat.StatFilter.connection_connect(StatFilter.java:211)
	at com.alibaba.druid.filter.FilterChainImpl.connection_connect(FilterChainImpl.java:136)
	at com.alibaba.druid.pool.DruidAbstractDataSource.createPhysicalConnection(DruidAbstractDataSource.java:1243)
	at com.alibaba.druid.pool.DruidAbstractDataSource.createPhysicalConnection(DruidAbstractDataSource.java:1297)
	at com.alibaba.druid.pool.DruidDataSource$CreateConnectionThread.run(DruidDataSource.java:1207)
Caused by: java.net.ConnectException: Connection refused: connect
	at java.net.PlainSocketImpl.socketConnect(Native Method)
	at java.net.PlainSocketImpl.doConnect(PlainSocketImpl.java:333)
	at java.net.PlainSocketImpl.connectToAddress(PlainSocketImpl.java:195)
	at java.net.PlainSocketImpl.connect(PlainSocketImpl.java:182)
	at java.net.SocksSocketImpl.connect(SocksSocketImpl.java:366)
	at java.net.Socket.connect(Socket.java:519)
	at java.net.Socket.connect(Socket.java:469)
	at java.net.Socket.&lt;init&gt;(Socket.java:366)
	at java.net.Socket.&lt;init&gt;(Socket.java:209)
	at com.mysql.jdbc.StandardSocketFactory.connect(StandardSocketFactory.java:258)
	at com.mysql.jdbc.MysqlIO.&lt;init&gt;(MysqlIO.java:306)
	... 18 more
[com.alibaba.druid.pool.DruidDataSource]create connection error
com.mysql.jdbc.exceptions.jdbc4.CommunicationsException: Communications link failure

The last packet sent successfully to the server was 0 milliseconds ago. The driver has not received any packets from the server.
	at sun.reflect.NativeConstructorAccessorImpl.newInstance0(Native Method)
	at sun.reflect.NativeConstructorAccessorImpl.newInstance(NativeConstructorAccessorImpl.java:39)
	at sun.reflect.DelegatingConstructorAccessorImpl.newInstance(DelegatingConstructorAccessorImpl.java:27)
	at java.lang.reflect.Constructor.newInstance(Constructor.java:513)
	at com.mysql.jdbc.Util.handleNewInstance(Util.java:409)
	at com.mysql.jdbc.SQLError.createCommunicationsException(SQLError.java:1127)
	at com.mysql.jdbc.MysqlIO.&lt;init&gt;(MysqlIO.java:356)
	at com.mysql.jdbc.ConnectionImpl.coreConnect(ConnectionImpl.java:2502)
	at com.mysql.jdbc.ConnectionImpl.connectOneTryOnly(ConnectionImpl.java:2539)
	at com.mysql.jdbc.ConnectionImpl.createNewIO(ConnectionImpl.java:2321)
	at com.mysql.jdbc.ConnectionImpl.&lt;init&gt;(ConnectionImpl.java:832)
	at com.mysql.jdbc.JDBC4Connection.&lt;init&gt;(JDBC4Connection.java:46)
	at sun.reflect.NativeConstructorAccessorImpl.newInstance0(Native Method)
	at sun.reflect.NativeConstructorAccessorImpl.newInstance(NativeConstructorAccessorImpl.java:39)
	at sun.reflect.DelegatingConstructorAccessorImpl.newInstance(DelegatingConstructorAccessorImpl.java:27)
	at java.lang.reflect.Constructor.newInstance(Constructor.java:513)
	at com.mysql.jdbc.Util.handleNewInstance(Util.java:409)
	at com.mysql.jdbc.ConnectionImpl.getInstance(ConnectionImpl.java:417)
	at com.mysql.jdbc.NonRegisteringDriver.connect(NonRegisteringDriver.java:344)
	at com.alibaba.druid.filter.FilterChainImpl.connection_connect(FilterChainImpl.java:142)
	at com.alibaba.druid.filter.stat.StatFilter.connection_connect(StatFilter.java:211)
	at com.alibaba.druid.filter.FilterChainImpl.connection_connect(FilterChainImpl.java:136)
	at com.alibaba.druid.pool.DruidAbstractDataSource.createPhysicalConnection(DruidAbstractDataSource.java:1243)
	at com.alibaba.druid.pool.DruidAbstractDataSource.createPhysicalConnection(DruidAbstractDataSource.java:1297)
	at com.alibaba.druid.pool.DruidDataSource$CreateConnectionThread.run(DruidDataSource.java:1207)
Caused by: java.net.ConnectException: Connection refused: connect
	at java.net.PlainSocketImpl.socketConnect(Native Method)
	at java.net.PlainSocketImpl.doConnect(PlainSocketImpl.java:333)
	at java.net.PlainSocketImpl.connectToAddress(PlainSocketImpl.java:195)
	at java.net.PlainSocketImpl.connect(PlainSocketImpl.java:182)
	at java.net.SocksSocketImpl.connect(SocksSocketImpl.java:366)
	at java.net.Socket.connect(Socket.java:519)
	at java.net.Socket.connect(Socket.java:469)
	at java.net.Socket.&lt;init&gt;(Socket.java:366)
	at java.net.Socket.&lt;init&gt;(Socket.java:209)
	at com.mysql.jdbc.StandardSocketFactory.connect(StandardSocketFactory.java:258)
	at com.mysql.jdbc.MysqlIO.&lt;init&gt;(MysqlIO.java:306)
	... 18 more
[com.alibaba.druid.pool.DruidDataSource]create connection error
com.mysql.jdbc.exceptions.jdbc4.CommunicationsException: Communications link failure

The last packet sent successfully to the server was 0 milliseconds ago. The driver has not received any packets from the server.
	at sun.reflect.NativeConstructorAccessorImpl.newInstance0(Native Method)
	at sun.reflect.NativeConstructorAccessorImpl.newInstance(NativeConstructorAccessorImpl.java:39)
	at sun.reflect.DelegatingConstructorAccessorImpl.newInstance(DelegatingConstructorAccessorImpl.java:27)
	at java.lang.reflect.Constructor.newInstance(Constructor.java:513)
	at com.mysql.jdbc.Util.handleNewInstance(Util.java:409)
	at com.mysql.jdbc.SQLError.createCommunicationsException(SQLError.java:1127)
	at com.mysql.jdbc.MysqlIO.&lt;init&gt;(MysqlIO.java:356)
	at com.mysql.jdbc.ConnectionImpl.coreConnect(ConnectionImpl.java:2502)
	at com.mysql.jdbc.ConnectionImpl.connectOneTryOnly(ConnectionImpl.java:2539)
	at com.mysql.jdbc.ConnectionImpl.createNewIO(ConnectionImpl.java:2321)
	at com.mysql.jdbc.ConnectionImpl.&lt;init&gt;(ConnectionImpl.java:832)
	at com.mysql.jdbc.JDBC4Connection.&lt;init&gt;(JDBC4Connection.java:46)
	at sun.reflect.NativeConstructorAccessorImpl.newInstance0(Native Method)
	at sun.reflect.NativeConstructorAccessorImpl.newInstance(NativeConstructorAccessorImpl.java:39)
	at sun.reflect.DelegatingConstructorAccessorImpl.newInstance(DelegatingConstructorAccessorImpl.java:27)
	at java.lang.reflect.Constructor.newInstance(Constructor.java:513)
	at com.mysql.jdbc.Util.handleNewInstance(Util.java:409)
	at com.mysql.jdbc.ConnectionImpl.getInstance(ConnectionImpl.java:417)
	at com.mysql.jdbc.NonRegisteringDriver.connect(NonRegisteringDriver.java:344)
	at com.alibaba.druid.filter.FilterChainImpl.connection_connect(FilterChainImpl.java:142)
	at com.alibaba.druid.filter.stat.StatFilter.connection_connect(StatFilter.java:211)
	at com.alibaba.druid.filter.FilterChainImpl.connection_connect(FilterChainImpl.java:136)
	at com.alibaba.druid.pool.DruidAbstractDataSource.createPhysicalConnection(DruidAbstractDataSource.java:1243)
	at com.alibaba.druid.pool.DruidAbstractDataSource.createPhysicalConnection(DruidAbstractDataSource.java:1297)
	at com.alibaba.druid.pool.DruidDataSource$CreateConnectionThread.run(DruidDataSource.java:1207)
Caused by: java.net.ConnectException: Connection refused: connect
	at java.net.PlainSocketImpl.socketConnect(Native Method)
	at java.net.PlainSocketImpl.doConnect(PlainSocketImpl.java:333)
	at java.net.PlainSocketImpl.connectToAddress(PlainSocketImpl.java:195)
	at java.net.PlainSocketImpl.connect(PlainSocketImpl.java:182)
	at java.net.SocksSocketImpl.connect(SocksSocketImpl.java:366)
	at java.net.Socket.connect(Socket.java:519)
	at java.net.Socket.connect(Socket.java:469)
	at java.net.Socket.&lt;init&gt;(Socket.java:366)
	at java.net.Socket.&lt;init&gt;(Socket.java:209)
	at com.mysql.jdbc.StandardSocketFactory.connect(StandardSocketFactory.java:258)
	at com.mysql.jdbc.MysqlIO.&lt;init&gt;(MysqlIO.java:306)
	... 18 more
[com.alibaba.druid.pool.DruidDataSource]create connection error
com.mysql.jdbc.exceptions.jdbc4.CommunicationsException: Communications link failure

The last packet sent successfully to the server was 0 milliseconds ago. The driver has not received any packets from the server.
	at sun.reflect.NativeConstructorAccessorImpl.newInstance0(Native Method)
	at sun.reflect.NativeConstructorAccessorImpl.newInstance(NativeConstructorAccessorImpl.java:39)
	at sun.reflect.DelegatingConstructorAccessorImpl.newInstance(DelegatingConstructorAccessorImpl.java:27)
	at java.lang.reflect.Constructor.newInstance(Constructor.java:513)
	at com.mysql.jdbc.Util.handleNewInstance(Util.java:409)
	at com.mysql.jdbc.SQLError.createCommunicationsException(SQLError.java:1127)
	at com.mysql.jdbc.MysqlIO.&lt;init&gt;(MysqlIO.java:356)
	at com.mysql.jdbc.ConnectionImpl.coreConnect(ConnectionImpl.java:2502)
	at com.mysql.jdbc.ConnectionImpl.connectOneTryOnly(ConnectionImpl.java:2539)
	at com.mysql.jdbc.ConnectionImpl.createNewIO(ConnectionImpl.java:2321)
	at com.mysql.jdbc.ConnectionImpl.&lt;init&gt;(ConnectionImpl.java:832)
	at com.mysql.jdbc.JDBC4Connection.&lt;init&gt;(JDBC4Connection.java:46)
	at sun.reflect.NativeConstructorAccessorImpl.newInstance0(Native Method)
	at sun.reflect.NativeConstructorAccessorImpl.newInstance(NativeConstructorAccessorImpl.java:39)
	at sun.reflect.DelegatingConstructorAccessorImpl.newInstance(DelegatingConstructorAccessorImpl.java:27)
	at java.lang.reflect.Constructor.newInstance(Constructor.java:513)
	at com.mysql.jdbc.Util.handleNewInstance(Util.java:409)
	at com.mysql.jdbc.ConnectionImpl.getInstance(ConnectionImpl.java:417)
	at com.mysql.jdbc.NonRegisteringDriver.connect(NonRegisteringDriver.java:344)
	at com.alibaba.druid.filter.FilterChainImpl.connection_connect(FilterChainImpl.java:142)
	at com.alibaba.druid.filter.stat.StatFilter.connection_connect(StatFilter.java:211)
	at com.alibaba.druid.filter.FilterChainImpl.connection_connect(FilterChainImpl.java:136)
	at com.alibaba.druid.pool.DruidAbstractDataSource.createPhysicalConnection(DruidAbstractDataSource.java:1243)
	at com.alibaba.druid.pool.DruidAbstractDataSource.createPhysicalConnection(DruidAbstractDataSource.java:1297)
	at com.alibaba.druid.pool.DruidDataSource$CreateConnectionThread.run(DruidDataSource.java:1207)
Caused by: java.net.ConnectException: Connection refused: connect
	at java.net.PlainSocketImpl.socketConnect(Native Method)
	at java.net.PlainSocketImpl.doConnect(PlainSocketImpl.java:333)
	at java.net.PlainSocketImpl.connectToAddress(PlainSocketImpl.java:195)
	at java.net.PlainSocketImpl.connect(PlainSocketImpl.java:182)
	at java.net.SocksSocketImpl.connect(SocksSocketImpl.java:366)
	at java.net.Socket.connect(Socket.java:519)
	at java.net.Socket.connect(Socket.java:469)
	at java.net.Socket.&lt;init&gt;(Socket.java:366)
	at java.net.Socket.&lt;init&gt;(Socket.java:209)
	at com.mysql.jdbc.StandardSocketFactory.connect(StandardSocketFactory.java:258)
	at com.mysql.jdbc.MysqlIO.&lt;init&gt;(MysqlIO.java:306)
	... 18 more
[com.alibaba.druid.pool.DruidDataSource]create connection error
com.mysql.jdbc.exceptions.jdbc4.CommunicationsException: Communications link failure

The last packet sent successfully to the server was 0 milliseconds ago. The driver has not received any packets from the server.
	at sun.reflect.NativeConstructorAccessorImpl.newInstance0(Native Method)
	at sun.reflect.NativeConstructorAccessorImpl.newInstance(NativeConstructorAccessorImpl.java:39)
	at sun.reflect.DelegatingConstructorAccessorImpl.newInstance(DelegatingConstructorAccessorImpl.java:27)
	at java.lang.reflect.Constructor.newInstance(Constructor.java:513)
	at com.mysql.jdbc.Util.handleNewInstance(Util.java:409)
	at com.mysql.jdbc.SQLError.createCommunicationsException(SQLError.java:1127)
	at com.mysql.jdbc.MysqlIO.&lt;init&gt;(MysqlIO.java:356)
	at com.mysql.jdbc.ConnectionImpl.coreConnect(ConnectionImpl.java:2502)
	at com.mysql.jdbc.ConnectionImpl.connectOneTryOnly(ConnectionImpl.java:2539)
	at com.mysql.jdbc.ConnectionImpl.createNewIO(ConnectionImpl.java:2321)
	at com.mysql.jdbc.ConnectionImpl.&lt;init&gt;(ConnectionImpl.java:832)
	at com.mysql.jdbc.JDBC4Connection.&lt;init&gt;(JDBC4Connection.java:46)
	at sun.reflect.NativeConstructorAccessorImpl.newInstance0(Native Method)
	at sun.reflect.NativeConstructorAccessorImpl.newInstance(NativeConstructorAccessorImpl.java:39)
	at sun.reflect.DelegatingConstructorAccessorImpl.newInstance(DelegatingConstructorAccessorImpl.java:27)
	at java.lang.reflect.Constructor.newInstance(Constructor.java:513)
	at com.mysql.jdbc.Util.handleNewInstance(Util.java:409)
	at com.mysql.jdbc.ConnectionImpl.getInstance(ConnectionImpl.java:417)
	at com.mysql.jdbc.NonRegisteringDriver.connect(NonRegisteringDriver.java:344)
	at com.alibaba.druid.filter.FilterChainImpl.connection_connect(FilterChainImpl.java:142)
	at com.alibaba.druid.filter.stat.StatFilter.connection_connect(StatFilter.java:211)
	at com.alibaba.druid.filter.FilterChainImpl.connection_connect(FilterChainImpl.java:136)
	at com.alibaba.druid.pool.DruidAbstractDataSource.createPhysicalConnection(DruidAbstractDataSource.java:1243)
	at com.alibaba.druid.pool.DruidAbstractDataSource.createPhysicalConnection(DruidAbstractDataSource.java:1297)
	at com.alibaba.druid.pool.DruidDataSource$CreateConnectionThread.run(DruidDataSource.java:1207)
Caused by: java.net.ConnectException: Connection refused: connect
	at java.net.PlainSocketImpl.socketConnect(Native Method)
	at java.net.PlainSocketImpl.doConnect(PlainSocketImpl.java:333)
	at java.net.PlainSocketImpl.connectToAddress(PlainSocketImpl.java:195)
	at java.net.PlainSocketImpl.connect(PlainSocketImpl.java:182)
	at java.net.SocksSocketImpl.connect(SocksSocketImpl.java:366)
	at java.net.Socket.connect(Socket.java:519)
	at java.net.Socket.connect(Socket.java:469)
	at java.net.Socket.&lt;init&gt;(Socket.java:366)
	at java.net.Socket.&lt;init&gt;(Socket.java:209)
	at com.mysql.jdbc.StandardSocketFactory.connect(StandardSocketFactory.java:258)
	at com.mysql.jdbc.MysqlIO.&lt;init&gt;(MysqlIO.java:306)
	... 18 more
[com.alibaba.druid.pool.DruidDataSource]create connection error
com.mysql.jdbc.exceptions.jdbc4.CommunicationsException: Communications link failure

The last packet sent successfully to the server was 0 milliseconds ago. The driver has not received any packets from the server.
	at sun.reflect.NativeConstructorAccessorImpl.newInstance0(Native Method)
	at sun.reflect.NativeConstructorAccessorImpl.newInstance(NativeConstructorAccessorImpl.java:39)
	at sun.reflect.DelegatingConstructorAccessorImpl.newInstance(DelegatingConstructorAccessorImpl.java:27)
	at java.lang.reflect.Constructor.newInstance(Constructor.java:513)
	at com.mysql.jdbc.Util.handleNewInstance(Util.java:409)
	at com.mysql.jdbc.SQLError.createCommunicationsException(SQLError.java:1127)
	at com.mysql.jdbc.MysqlIO.&lt;init&gt;(MysqlIO.java:356)
	at com.mysql.jdbc.ConnectionImpl.coreConnect(ConnectionImpl.java:2502)
	at com.mysql.jdbc.ConnectionImpl.connectOneTryOnly(ConnectionImpl.java:2539)
	at com.mysql.jdbc.ConnectionImpl.createNewIO(ConnectionImpl.java:2321)
	at com.mysql.jdbc.ConnectionImpl.&lt;init&gt;(ConnectionImpl.java:832)
	at com.mysql.jdbc.JDBC4Connection.&lt;init&gt;(JDBC4Connection.java:46)
	at sun.reflect.NativeConstructorAccessorImpl.newInstance0(Native Method)
	at sun.reflect.NativeConstructorAccessorImpl.newInstance(NativeConstructorAccessorImpl.java:39)
	at sun.reflect.DelegatingConstructorAccessorImpl.newInstance(DelegatingConstructorAccessorImpl.java:27)
	at java.lang.reflect.Constructor.newInstance(Constructor.java:513)
	at com.mysql.jdbc.Util.handleNewInstance(Util.java:409)
	at com.mysql.jdbc.ConnectionImpl.getInstance(ConnectionImpl.java:417)
	at com.mysql.jdbc.NonRegisteringDriver.connect(NonRegisteringDriver.java:344)
	at com.alibaba.druid.filter.FilterChainImpl.connection_connect(FilterChainImpl.java:142)
	at com.alibaba.druid.filter.stat.StatFilter.connection_connect(StatFilter.java:211)
	at com.alibaba.druid.filter.FilterChainImpl.connection_connect(FilterChainImpl.java:136)
	at com.alibaba.druid.pool.DruidAbstractDataSource.createPhysicalConnection(DruidAbstractDataSource.java:1243)
	at com.alibaba.druid.pool.DruidAbstractDataSource.createPhysicalConnection(DruidAbstractDataSource.java:1297)
	at com.alibaba.druid.pool.DruidDataSource$CreateConnectionThread.run(DruidDataSource.java:1207)
Caused by: java.net.ConnectException: Connection refused: connect
	at java.net.PlainSocketImpl.socketConnect(Native Method)
	at java.net.PlainSocketImpl.doConnect(PlainSocketImpl.java:333)
	at java.net.PlainSocketImpl.connectToAddress(PlainSocketImpl.java:195)
	at java.net.PlainSocketImpl.connect(PlainSocketImpl.java:182)
	at java.net.SocksSocketImpl.connect(SocksSocketImpl.java:366)
	at java.net.Socket.connect(Socket.java:519)
	at java.net.Socket.connect(Socket.java:469)
	at java.net.Socket.&lt;init&gt;(Socket.java:366)
	at java.net.Socket.&lt;init&gt;(Socket.java:209)
	at com.mysql.jdbc.StandardSocketFactory.connect(StandardSocketFactory.java:258)
	at com.mysql.jdbc.MysqlIO.&lt;init&gt;(MysqlIO.java:306)
	... 18 more
[com.alibaba.druid.pool.DruidDataSource]create connection error
com.mysql.jdbc.exceptions.jdbc4.CommunicationsException: Communications link failure

The last packet sent successfully to the server was 0 milliseconds ago. The driver has not received any packets from the server.
	at sun.reflect.GeneratedConstructorAccessor11.newInstance(Unknown Source)
	at sun.reflect.DelegatingConstructorAccessorImpl.newInstance(DelegatingConstructorAccessorImpl.java:27)
	at java.lang.reflect.Constructor.newInstance(Constructor.java:513)
	at com.mysql.jdbc.Util.handleNewInstance(Util.java:409)
	at com.mysql.jdbc.SQLError.createCommunicationsException(SQLError.java:1127)
	at com.mysql.jdbc.MysqlIO.&lt;init&gt;(MysqlIO.java:356)
	at com.mysql.jdbc.ConnectionImpl.coreConnect(ConnectionImpl.java:2502)
	at com.mysql.jdbc.ConnectionImpl.connectOneTryOnly(ConnectionImpl.java:2539)
	at com.mysql.jdbc.ConnectionImpl.createNewIO(ConnectionImpl.java:2321)
	at com.mysql.jdbc.ConnectionImpl.&lt;init&gt;(ConnectionImpl.java:832)
	at com.mysql.jdbc.JDBC4Connection.&lt;init&gt;(JDBC4Connection.java:46)
	at sun.reflect.GeneratedConstructorAccessor8.newInstance(Unknown Source)
	at sun.reflect.DelegatingConstructorAccessorImpl.newInstance(DelegatingConstructorAccessorImpl.java:27)
	at java.lang.reflect.Constructor.newInstance(Constructor.java:513)
	at com.mysql.jdbc.Util.handleNewInstance(Util.java:409)
	at com.mysql.jdbc.ConnectionImpl.getInstance(ConnectionImpl.java:417)
	at com.mysql.jdbc.NonRegisteringDriver.connect(NonRegisteringDriver.java:344)
	at com.alibaba.druid.filter.FilterChainImpl.connection_connect(FilterChainImpl.java:142)
	at com.alibaba.druid.filter.stat.StatFilter.connection_connect(StatFilter.java:211)
	at com.alibaba.druid.filter.FilterChainImpl.connection_connect(FilterChainImpl.java:136)
	at com.alibaba.druid.pool.DruidAbstractDataSource.createPhysicalConnection(DruidAbstractDataSource.java:1243)
	at com.alibaba.druid.pool.DruidAbstractDataSource.createPhysicalConnection(DruidAbstractDataSource.java:1297)
	at com.alibaba.druid.pool.DruidDataSource$CreateConnectionThread.run(DruidDataSource.java:1207)
Caused by: java.net.ConnectException: Connection refused: connect
	at java.net.PlainSocketImpl.socketConnect(Native Method)
	at java.net.PlainSocketImpl.doConnect(PlainSocketImpl.java:333)
	at java.net.PlainSocketImpl.connectToAddress(PlainSocketImpl.java:195)
	at java.net.PlainSocketImpl.connect(PlainSocketImpl.java:182)
	at java.net.SocksSocketImpl.connect(SocksSocketImpl.java:366)
	at java.net.Socket.connect(Socket.java:519)
	at java.net.Socket.connect(Socket.java:469)
	at java.net.Socket.&lt;init&gt;(Socket.java:366)
	at java.net.Socket.&lt;init&gt;(Socket.java:209)
	at com.mysql.jdbc.StandardSocketFactory.connect(StandardSocketFactory.java:258)
	at com.mysql.jdbc.MysqlIO.&lt;init&gt;(MysqlIO.java:306)
	... 17 more
[com.alibaba.druid.pool.DruidDataSource]create connection error
com.mysql.jdbc.exceptions.jdbc4.CommunicationsException: Communications link failure

The last packet sent successfully to the server was 0 milliseconds ago. The driver has not received any packets from the server.
	at sun.reflect.GeneratedConstructorAccessor11.newInstance(Unknown Source)
	at sun.reflect.DelegatingConstructorAccessorImpl.newInstance(DelegatingConstructorAccessorImpl.java:27)
	at java.lang.reflect.Constructor.newInstance(Constructor.java:513)
	at com.mysql.jdbc.Util.handleNewInstance(Util.java:409)
	at com.mysql.jdbc.SQLError.createCommunicationsException(SQLError.java:1127)
	at com.mysql.jdbc.MysqlIO.&lt;init&gt;(MysqlIO.java:356)
	at com.mysql.jdbc.ConnectionImpl.coreConnect(ConnectionImpl.java:2502)
	at com.mysql.jdbc.ConnectionImpl.connectOneTryOnly(ConnectionImpl.java:2539)
	at com.mysql.jdbc.ConnectionImpl.createNewIO(ConnectionImpl.java:2321)
	at com.mysql.jdbc.ConnectionImpl.&lt;init&gt;(ConnectionImpl.java:832)
	at com.mysql.jdbc.JDBC4Connection.&lt;init&gt;(JDBC4Connection.java:46)
	at sun.reflect.GeneratedConstructorAccessor8.newInstance(Unknown Source)
	at sun.reflect.DelegatingConstructorAccessorImpl.newInstance(DelegatingConstructorAccessorImpl.java:27)
	at java.lang.reflect.Constructor.newInstance(Constructor.java:513)
	at com.mysql.jdbc.Util.handleNewInstance(Util.java:409)
	at com.mysql.jdbc.ConnectionImpl.getInstance(ConnectionImpl.java:417)
	at com.mysql.jdbc.NonRegisteringDriver.connect(NonRegisteringDriver.java:344)
	at com.alibaba.druid.filter.FilterChainImpl.connection_connect(FilterChainImpl.java:142)
	at com.alibaba.druid.filter.stat.StatFilter.connection_connect(StatFilter.java:211)
	at com.alibaba.druid.filter.FilterChainImpl.connection_connect(FilterChainImpl.java:136)
	at com.alibaba.druid.pool.DruidAbstractDataSource.createPhysicalConnection(DruidAbstractDataSource.java:1243)
	at com.alibaba.druid.pool.DruidAbstractDataSource.createPhysicalConnection(DruidAbstractDataSource.java:1297)
	at com.alibaba.druid.pool.DruidDataSource$CreateConnectionThread.run(DruidDataSource.java:1207)
Caused by: java.net.ConnectException: Connection refused: connect
	at java.net.PlainSocketImpl.socketConnect(Native Method)
	at java.net.PlainSocketImpl.doConnect(PlainSocketImpl.java:333)
	at java.net.PlainSocketImpl.connectToAddress(PlainSocketImpl.java:195)
	at java.net.PlainSocketImpl.connect(PlainSocketImpl.java:182)
	at java.net.SocksSocketImpl.connect(SocksSocketImpl.java:366)
	at java.net.Socket.connect(Socket.java:519)
	at java.net.Socket.connect(Socket.java:469)
	at java.net.Socket.&lt;init&gt;(Socket.java:366)
	at java.net.Socket.&lt;init&gt;(Socket.java:209)
	at com.mysql.jdbc.StandardSocketFactory.connect(StandardSocketFactory.java:258)
	at com.mysql.jdbc.MysqlIO.&lt;init&gt;(MysqlIO.java:306)
	... 17 more
[com.alibaba.druid.pool.DruidDataSource]create connection error
com.mysql.jdbc.exceptions.jdbc4.CommunicationsException: Communications link failure

The last packet sent successfully to the server was 0 milliseconds ago. The driver has not received any packets from the server.
	at sun.reflect.GeneratedConstructorAccessor11.newInstance(Unknown Source)
	at sun.reflect.DelegatingConstructorAccessorImpl.newInstance(DelegatingConstructorAccessorImpl.java:27)
	at java.lang.reflect.Constructor.newInstance(Constructor.java:513)
	at com.mysql.jdbc.Util.handleNewInstance(Util.java:409)
	at com.mysql.jdbc.SQLError.createCommunicationsException(SQLError.java:1127)
	at com.mysql.jdbc.MysqlIO.&lt;init&gt;(MysqlIO.java:356)
	at com.mysql.jdbc.ConnectionImpl.coreConnect(ConnectionImpl.java:2502)
	at com.mysql.jdbc.ConnectionImpl.connectOneTryOnly(ConnectionImpl.java:2539)
	at com.mysql.jdbc.ConnectionImpl.createNewIO(ConnectionImpl.java:2321)
	at com.mysql.jdbc.ConnectionImpl.&lt;init&gt;(ConnectionImpl.java:832)
	at com.mysql.jdbc.JDBC4Connection.&lt;init&gt;(JDBC4Connection.java:46)
	at sun.reflect.GeneratedConstructorAccessor8.newInstance(Unknown Source)
	at sun.reflect.DelegatingConstructorAccessorImpl.newInstance(DelegatingConstructorAccessorImpl.java:27)
	at java.lang.reflect.Constructor.newInstance(Constructor.java:513)
	at com.mysql.jdbc.Util.handleNewInstance(Util.java:409)
	at com.mysql.jdbc.ConnectionImpl.getInstance(ConnectionImpl.java:417)
	at com.mysql.jdbc.NonRegisteringDriver.connect(NonRegisteringDriver.java:344)
	at com.alibaba.druid.filter.FilterChainImpl.connection_connect(FilterChainImpl.java:142)
	at com.alibaba.druid.filter.stat.StatFilter.connection_connect(StatFilter.java:211)
	at com.alibaba.druid.filter.FilterChainImpl.connection_connect(FilterChainImpl.java:136)
	at com.alibaba.druid.pool.DruidAbstractDataSource.createPhysicalConnection(DruidAbstractDataSource.java:1243)
	at com.alibaba.druid.pool.DruidAbstractDataSource.createPhysicalConnection(DruidAbstractDataSource.java:1297)
	at com.alibaba.druid.pool.DruidDataSource$CreateConnectionThread.run(DruidDataSource.java:1207)
Caused by: java.net.ConnectException: Connection refused: connect
	at java.net.PlainSocketImpl.socketConnect(Native Method)
	at java.net.PlainSocketImpl.doConnect(PlainSocketImpl.java:333)
	at java.net.PlainSocketImpl.connectToAddress(PlainSocketImpl.java:195)
	at java.net.PlainSocketImpl.connect(PlainSocketImpl.java:182)
	at java.net.SocksSocketImpl.connect(SocksSocketImpl.java:366)
	at java.net.Socket.connect(Socket.java:519)
	at java.net.Socket.connect(Socket.java:469)
	at java.net.Socket.&lt;init&gt;(Socket.java:366)
	at java.net.Socket.&lt;init&gt;(Socket.java:209)
	at com.mysql.jdbc.StandardSocketFactory.connect(StandardSocketFactory.java:258)
	at com.mysql.jdbc.MysqlIO.&lt;init&gt;(MysqlIO.java:306)
	... 17 more
[com.alibaba.druid.pool.DruidDataSource]create connection error
com.mysql.jdbc.exceptions.jdbc4.CommunicationsException: Communications link failure

The last packet sent successfully to the server was 0 milliseconds ago. The driver has not received any packets from the server.
	at sun.reflect.GeneratedConstructorAccessor11.newInstance(Unknown Source)
	at sun.reflect.DelegatingConstructorAccessorImpl.newInstance(DelegatingConstructorAccessorImpl.java:27)
	at java.lang.reflect.Constructor.newInstance(Constructor.java:513)
	at com.mysql.jdbc.Util.handleNewInstance(Util.java:409)
	at com.mysql.jdbc.SQLError.createCommunicationsException(SQLError.java:1127)
	at com.mysql.jdbc.MysqlIO.&lt;init&gt;(MysqlIO.java:356)
	at com.mysql.jdbc.ConnectionImpl.coreConnect(ConnectionImpl.java:2502)
	at com.mysql.jdbc.ConnectionImpl.connectOneTryOnly(ConnectionImpl.java:2539)
	at com.mysql.jdbc.ConnectionImpl.createNewIO(ConnectionImpl.java:2321)
	at com.mysql.jdbc.ConnectionImpl.&lt;init&gt;(ConnectionImpl.java:832)
	at com.mysql.jdbc.JDBC4Connection.&lt;init&gt;(JDBC4Connection.java:46)
	at sun.reflect.GeneratedConstructorAccessor8.newInstance(Unknown Source)
	at sun.reflect.DelegatingConstructorAccessorImpl.newInstance(DelegatingConstructorAccessorImpl.java:27)
	at java.lang.reflect.Constructor.newInstance(Constructor.java:513)
	at com.mysql.jdbc.Util.handleNewInstance(Util.java:409)
	at com.mysql.jdbc.ConnectionImpl.getInstance(ConnectionImpl.java:417)
	at com.mysql.jdbc.NonRegisteringDriver.connect(NonRegisteringDriver.java:344)
	at com.alibaba.druid.filter.FilterChainImpl.connection_connect(FilterChainImpl.java:142)
	at com.alibaba.druid.filter.stat.StatFilter.connection_connect(StatFilter.java:211)
	at com.alibaba.druid.filter.FilterChainImpl.connection_connect(FilterChainImpl.java:136)
	at com.alibaba.druid.pool.DruidAbstractDataSource.createPhysicalConnection(DruidAbstractDataSource.java:1243)
	at com.alibaba.druid.pool.DruidAbstractDataSource.createPhysicalConnection(DruidAbstractDataSource.java:1297)
	at com.alibaba.druid.pool.DruidDataSource$CreateConnectionThread.run(DruidDataSource.java:1207)
Caused by: java.net.ConnectException: Connection refused: connect
	at java.net.PlainSocketImpl.socketConnect(Native Method)
	at java.net.PlainSocketImpl.doConnect(PlainSocketImpl.java:333)
	at java.net.PlainSocketImpl.connectToAddress(PlainSocketImpl.java:195)
	at java.net.PlainSocketImpl.connect(PlainSocketImpl.java:182)
	at java.net.SocksSocketImpl.connect(SocksSocketImpl.java:366)
	at java.net.Socket.connect(Socket.java:519)
	at java.net.Socket.connect(Socket.java:469)
	at java.net.Socket.&lt;init&gt;(Socket.java:366)
	at java.net.Socket.&lt;init&gt;(Socket.java:209)
	at com.mysql.jdbc.StandardSocketFactory.connect(StandardSocketFactory.java:258)
	at com.mysql.jdbc.MysqlIO.&lt;init&gt;(MysqlIO.java:306)
	... 17 more
[com.alibaba.druid.pool.DruidDataSource]create connection error
com.mysql.jdbc.exceptions.jdbc4.CommunicationsException: Communications link failure

The last packet sent successfully to the server was 0 milliseconds ago. The driver has not received any packets from the server.
	at sun.reflect.GeneratedConstructorAccessor11.newInstance(Unknown Source)
	at sun.reflect.DelegatingConstructorAccessorImpl.newInstance(DelegatingConstructorAccessorImpl.java:27)
	at java.lang.reflect.Constructor.newInstance(Constructor.java:513)
	at com.mysql.jdbc.Util.handleNewInstance(Util.java:409)
	at com.mysql.jdbc.SQLError.createCommunicationsException(SQLError.java:1127)
	at com.mysql.jdbc.MysqlIO.&lt;init&gt;(MysqlIO.java:356)
	at com.mysql.jdbc.ConnectionImpl.coreConnect(ConnectionImpl.java:2502)
	at com.mysql.jdbc.ConnectionImpl.connectOneTryOnly(ConnectionImpl.java:2539)
	at com.mysql.jdbc.ConnectionImpl.createNewIO(ConnectionImpl.java:2321)
	at com.mysql.jdbc.ConnectionImpl.&lt;init&gt;(ConnectionImpl.java:832)
	at com.mysql.jdbc.JDBC4Connection.&lt;init&gt;(JDBC4Connection.java:46)
	at sun.reflect.GeneratedConstructorAccessor8.newInstance(Unknown Source)
	at sun.reflect.DelegatingConstructorAccessorImpl.newInstance(DelegatingConstructorAccessorImpl.java:27)
	at java.lang.reflect.Constructor.newInstance(Constructor.java:513)
	at com.mysql.jdbc.Util.handleNewInstance(Util.java:409)
	at com.mysql.jdbc.ConnectionImpl.getInstance(ConnectionImpl.java:417)
	at com.mysql.jdbc.NonRegisteringDriver.connect(NonRegisteringDriver.java:344)
	at com.alibaba.druid.filter.FilterChainImpl.connection_connect(FilterChainImpl.java:142)
	at com.alibaba.druid.filter.stat.StatFilter.connection_connect(StatFilter.java:211)
	at com.alibaba.druid.filter.FilterChainImpl.connection_connect(FilterChainImpl.java:136)
	at com.alibaba.druid.pool.DruidAbstractDataSource.createPhysicalConnection(DruidAbstractDataSource.java:1243)
	at com.alibaba.druid.pool.DruidAbstractDataSource.createPhysicalConnection(DruidAbstractDataSource.java:1297)
	at com.alibaba.druid.pool.DruidDataSource$CreateConnectionThread.run(DruidDataSource.java:1207)
Caused by: java.net.ConnectException: Connection refused: connect
	at java.net.PlainSocketImpl.socketConnect(Native Method)
	at java.net.PlainSocketImpl.doConnect(PlainSocketImpl.java:333)
	at java.net.PlainSocketImpl.connectToAddress(PlainSocketImpl.java:195)
	at java.net.PlainSocketImpl.connect(PlainSocketImpl.java:182)
	at java.net.SocksSocketImpl.connect(SocksSocketImpl.java:366)
	at java.net.Socket.connect(Socket.java:519)
	at java.net.Socket.connect(Socket.java:469)
	at java.net.Socket.&lt;init&gt;(Socket.java:366)
	at java.net.Socket.&lt;init&gt;(Socket.java:209)
	at com.mysql.jdbc.StandardSocketFactory.connect(StandardSocketFactory.java:258)
	at com.mysql.jdbc.MysqlIO.&lt;init&gt;(MysqlIO.java:306)
	... 17 more
[com.alibaba.druid.pool.DruidDataSource]create connection error
com.mysql.jdbc.exceptions.jdbc4.CommunicationsException: Communications link failure

The last packet sent successfully to the server was 0 milliseconds ago. The driver has not received any packets from the server.
	at sun.reflect.GeneratedConstructorAccessor11.newInstance(Unknown Source)
	at sun.reflect.DelegatingConstructorAccessorImpl.newInstance(DelegatingConstructorAccessorImpl.java:27)
	at java.lang.reflect.Constructor.newInstance(Constructor.java:513)
	at com.mysql.jdbc.Util.handleNewInstance(Util.java:409)
	at com.mysql.jdbc.SQLError.createCommunicationsException(SQLError.java:1127)
	at com.mysql.jdbc.MysqlIO.&lt;init&gt;(MysqlIO.java:356)
	at com.mysql.jdbc.ConnectionImpl.coreConnect(ConnectionImpl.java:2502)
	at com.mysql.jdbc.ConnectionImpl.connectOneTryOnly(ConnectionImpl.java:2539)
	at com.mysql.jdbc.ConnectionImpl.createNewIO(ConnectionImpl.java:2321)
	at com.mysql.jdbc.ConnectionImpl.&lt;init&gt;(ConnectionImpl.java:832)
	at com.mysql.jdbc.JDBC4Connection.&lt;init&gt;(JDBC4Connection.java:46)
	at sun.reflect.GeneratedConstructorAccessor8.newInstance(Unknown Source)
	at sun.reflect.DelegatingConstructorAccessorImpl.newInstance(DelegatingConstructorAccessorImpl.java:27)
	at java.lang.reflect.Constructor.newInstance(Constructor.java:513)
	at com.mysql.jdbc.Util.handleNewInstance(Util.java:409)
	at com.mysql.jdbc.ConnectionImpl.getInstance(ConnectionImpl.java:417)
	at com.mysql.jdbc.NonRegisteringDriver.connect(NonRegisteringDriver.java:344)
	at com.alibaba.druid.filter.FilterChainImpl.connection_connect(FilterChainImpl.java:142)
	at com.alibaba.druid.filter.stat.StatFilter.connection_connect(StatFilter.java:211)
	at com.alibaba.druid.filter.FilterChainImpl.connection_connect(FilterChainImpl.java:136)
	at com.alibaba.druid.pool.DruidAbstractDataSource.createPhysicalConnection(DruidAbstractDataSource.java:1243)
	at com.alibaba.druid.pool.DruidAbstractDataSource.createPhysicalConnection(DruidAbstractDataSource.java:1297)
	at com.alibaba.druid.pool.DruidDataSource$CreateConnectionThread.run(DruidDataSource.java:1207)
Caused by: java.net.ConnectException: Connection refused: connect
	at java.net.PlainSocketImpl.socketConnect(Native Method)
	at java.net.PlainSocketImpl.doConnect(PlainSocketImpl.java:333)
	at java.net.PlainSocketImpl.connectToAddress(PlainSocketImpl.java:195)
	at java.net.PlainSocketImpl.connect(PlainSocketImpl.java:182)
	at java.net.SocksSocketImpl.connect(SocksSocketImpl.java:366)
	at java.net.Socket.connect(Socket.java:519)
	at java.net.Socket.connect(Socket.java:469)
	at java.net.Socket.&lt;init&gt;(Socket.java:366)
	at java.net.Socket.&lt;init&gt;(Socket.java:209)
	at com.mysql.jdbc.StandardSocketFactory.connect(StandardSocketFactory.java:258)
	at com.mysql.jdbc.MysqlIO.&lt;init&gt;(MysqlIO.java:306)
	... 17 more
[com.alibaba.druid.pool.DruidDataSource]create connection error
com.mysql.jdbc.exceptions.jdbc4.CommunicationsException: Communications link failure

The last packet sent successfully to the server was 0 milliseconds ago. The driver has not received any packets from the server.
	at sun.reflect.GeneratedConstructorAccessor11.newInstance(Unknown Source)
	at sun.reflect.DelegatingConstructorAccessorImpl.newInstance(DelegatingConstructorAccessorImpl.java:27)
	at java.lang.reflect.Constructor.newInstance(Constructor.java:513)
	at com.mysql.jdbc.Util.handleNewInstance(Util.java:409)
	at com.mysql.jdbc.SQLError.createCommunicationsException(SQLError.java:1127)
	at com.mysql.jdbc.MysqlIO.&lt;init&gt;(MysqlIO.java:356)
	at com.mysql.jdbc.ConnectionImpl.coreConnect(ConnectionImpl.java:2502)
	at com.mysql.jdbc.ConnectionImpl.connectOneTryOnly(ConnectionImpl.java:2539)
	at com.mysql.jdbc.ConnectionImpl.createNewIO(ConnectionImpl.java:2321)
	at com.mysql.jdbc.ConnectionImpl.&lt;init&gt;(ConnectionImpl.java:832)
	at com.mysql.jdbc.JDBC4Connection.&lt;init&gt;(JDBC4Connection.java:46)
	at sun.reflect.GeneratedConstructorAccessor8.newInstance(Unknown Source)
	at sun.reflect.DelegatingConstructorAccessorImpl.newInstance(DelegatingConstructorAccessorImpl.java:27)
	at java.lang.reflect.Constructor.newInstance(Constructor.java:513)
	at com.mysql.jdbc.Util.handleNewInstance(Util.java:409)
	at com.mysql.jdbc.ConnectionImpl.getInstance(ConnectionImpl.java:417)
	at com.mysql.jdbc.NonRegisteringDriver.connect(NonRegisteringDriver.java:344)
	at com.alibaba.druid.filter.FilterChainImpl.connection_connect(FilterChainImpl.java:142)
	at com.alibaba.druid.filter.stat.StatFilter.connection_connect(StatFilter.java:211)
	at com.alibaba.druid.filter.FilterChainImpl.connection_connect(FilterChainImpl.java:136)
	at com.alibaba.druid.pool.DruidAbstractDataSource.createPhysicalConnection(DruidAbstractDataSource.java:1243)
	at com.alibaba.druid.pool.DruidAbstractDataSource.createPhysicalConnection(DruidAbstractDataSource.java:1297)
	at com.alibaba.druid.pool.DruidDataSource$CreateConnectionThread.run(DruidDataSource.java:1207)
Caused by: java.net.ConnectException: Connection refused: connect
	at java.net.PlainSocketImpl.socketConnect(Native Method)
	at java.net.PlainSocketImpl.doConnect(PlainSocketImpl.java:333)
	at java.net.PlainSocketImpl.connectToAddress(PlainSocketImpl.java:195)
	at java.net.PlainSocketImpl.connect(PlainSocketImpl.java:182)
	at java.net.SocksSocketImpl.connect(SocksSocketImpl.java:366)
	at java.net.Socket.connect(Socket.java:519)
	at java.net.Socket.connect(Socket.java:469)
	at java.net.Socket.&lt;init&gt;(Socket.java:366)
	at java.net.Socket.&lt;init&gt;(Socket.java:209)
	at com.mysql.jdbc.StandardSocketFactory.connect(StandardSocketFactory.java:258)
	at com.mysql.jdbc.MysqlIO.&lt;init&gt;(MysqlIO.java:306)
	... 17 more
[com.alibaba.druid.pool.DruidDataSource]create connection error
com.mysql.jdbc.exceptions.jdbc4.CommunicationsException: Communications link failure

The last packet sent successfully to the server was 0 milliseconds ago. The driver has not received any packets from the server.
	at sun.reflect.GeneratedConstructorAccessor11.newInstance(Unknown Source)
	at sun.reflect.DelegatingConstructorAccessorImpl.newInstance(DelegatingConstructorAccessorImpl.java:27)
	at java.lang.reflect.Constructor.newInstance(Constructor.java:513)
	at com.mysql.jdbc.Util.handleNewInstance(Util.java:409)
	at com.mysql.jdbc.SQLError.createCommunicationsException(SQLError.java:1127)
	at com.mysql.jdbc.MysqlIO.&lt;init&gt;(MysqlIO.java:356)
	at com.mysql.jdbc.ConnectionImpl.coreConnect(ConnectionImpl.java:2502)
	at com.mysql.jdbc.ConnectionImpl.connectOneTryOnly(ConnectionImpl.java:2539)
	at com.mysql.jdbc.ConnectionImpl.createNewIO(ConnectionImpl.java:2321)
	at com.mysql.jdbc.ConnectionImpl.&lt;init&gt;(ConnectionImpl.java:832)
	at com.mysql.jdbc.JDBC4Connection.&lt;init&gt;(JDBC4Connection.java:46)
	at sun.reflect.GeneratedConstructorAccessor8.newInstance(Unknown Source)
	at sun.reflect.DelegatingConstructorAccessorImpl.newInstance(DelegatingConstructorAccessorImpl.java:27)
	at java.lang.reflect.Constructor.newInstance(Constructor.java:513)
	at com.mysql.jdbc.Util.handleNewInstance(Util.java:409)
	at com.mysql.jdbc.ConnectionImpl.getInstance(ConnectionImpl.java:417)
	at com.mysql.jdbc.NonRegisteringDriver.connect(NonRegisteringDriver.java:344)
	at com.alibaba.druid.filter.FilterChainImpl.connection_connect(FilterChainImpl.java:142)
	at com.alibaba.druid.filter.stat.StatFilter.connection_connect(StatFilter.java:211)
	at com.alibaba.druid.filter.FilterChainImpl.connection_connect(FilterChainImpl.java:136)
	at com.alibaba.druid.pool.DruidAbstractDataSource.createPhysicalConnection(DruidAbstractDataSource.java:1243)
	at com.alibaba.druid.pool.DruidAbstractDataSource.createPhysicalConnection(DruidAbstractDataSource.java:1297)
	at com.alibaba.druid.pool.DruidDataSource$CreateConnectionThread.run(DruidDataSource.java:1207)
Caused by: java.net.ConnectException: Connection refused: connect
	at java.net.PlainSocketImpl.socketConnect(Native Method)
	at java.net.PlainSocketImpl.doConnect(PlainSocketImpl.java:333)
	at java.net.PlainSocketImpl.connectToAddress(PlainSocketImpl.java:195)
	at java.net.PlainSocketImpl.connect(PlainSocketImpl.java:182)
	at java.net.SocksSocketImpl.connect(SocksSocketImpl.java:366)
	at java.net.Socket.connect(Socket.java:519)
	at java.net.Socket.connect(Socket.java:469)
	at java.net.Socket.&lt;init&gt;(Socket.java:366)
	at java.net.Socket.&lt;init&gt;(Socket.java:209)
	at com.mysql.jdbc.StandardSocketFactory.connect(StandardSocketFactory.java:258)
	at com.mysql.jdbc.MysqlIO.&lt;init&gt;(MysqlIO.java:306)
	... 17 more
[com.alibaba.druid.pool.DruidDataSource]create connection error
com.mysql.jdbc.exceptions.jdbc4.CommunicationsException: Communications link failure

The last packet sent successfully to the server was 0 milliseconds ago. The driver has not received any packets from the server.
	at sun.reflect.GeneratedConstructorAccessor11.newInstance(Unknown Source)
	at sun.reflect.DelegatingConstructorAccessorImpl.newInstance(DelegatingConstructorAccessorImpl.java:27)
	at java.lang.reflect.Constructor.newInstance(Constructor.java:513)
	at com.mysql.jdbc.Util.handleNewInstance(Util.java:409)
	at com.mysql.jdbc.SQLError.createCommunicationsException(SQLError.java:1127)
	at com.mysql.jdbc.MysqlIO.&lt;init&gt;(MysqlIO.java:356)
	at com.mysql.jdbc.ConnectionImpl.coreConnect(ConnectionImpl.java:2502)
	at com.mysql.jdbc.ConnectionImpl.connectOneTryOnly(ConnectionImpl.java:2539)
	at com.mysql.jdbc.ConnectionImpl.createNewIO(ConnectionImpl.java:2321)
	at com.mysql.jdbc.ConnectionImpl.&lt;init&gt;(ConnectionImpl.java:832)
	at com.mysql.jdbc.JDBC4Connection.&lt;init&gt;(JDBC4Connection.java:46)
	at sun.reflect.GeneratedConstructorAccessor8.newInstance(Unknown Source)
	at sun.reflect.DelegatingConstructorAccessorImpl.newInstance(DelegatingConstructorAccessorImpl.java:27)
	at java.lang.reflect.Constructor.newInstance(Constructor.java:513)
	at com.mysql.jdbc.Util.handleNewInstance(Util.java:409)
	at com.mysql.jdbc.ConnectionImpl.getInstance(ConnectionImpl.java:417)
	at com.mysql.jdbc.NonRegisteringDriver.connect(NonRegisteringDriver.java:344)
	at com.alibaba.druid.filter.FilterChainImpl.connection_connect(FilterChainImpl.java:142)
	at com.alibaba.druid.filter.stat.StatFilter.connection_connect(StatFilter.java:211)
	at com.alibaba.druid.filter.FilterChainImpl.connection_connect(FilterChainImpl.java:136)
	at com.alibaba.druid.pool.DruidAbstractDataSource.createPhysicalConnection(DruidAbstractDataSource.java:1243)
	at com.alibaba.druid.pool.DruidAbstractDataSource.createPhysicalConnection(DruidAbstractDataSource.java:1297)
	at com.alibaba.druid.pool.DruidDataSource$CreateConnectionThread.run(DruidDataSource.java:1207)
Caused by: java.net.ConnectException: Connection refused: connect
	at java.net.PlainSocketImpl.socketConnect(Native Method)
	at java.net.PlainSocketImpl.doConnect(PlainSocketImpl.java:333)
	at java.net.PlainSocketImpl.connectToAddress(PlainSocketImpl.java:195)
	at java.net.PlainSocketImpl.connect(PlainSocketImpl.java:182)
	at java.net.SocksSocketImpl.connect(SocksSocketImpl.java:366)
	at java.net.Socket.connect(Socket.java:519)
	at java.net.Socket.connect(Socket.java:469)
	at java.net.Socket.&lt;init&gt;(Socket.java:366)
	at java.net.Socket.&lt;init&gt;(Socket.java:209)
	at com.mysql.jdbc.StandardSocketFactory.connect(StandardSocketFactory.java:258)
	at com.mysql.jdbc.MysqlIO.&lt;init&gt;(MysqlIO.java:306)
	... 17 more
[com.alibaba.druid.pool.DruidDataSource]create connection error
com.mysql.jdbc.exceptions.jdbc4.CommunicationsException: Communications link failure

The last packet sent successfully to the server was 0 milliseconds ago. The driver has not received any packets from the server.
	at sun.reflect.GeneratedConstructorAccessor11.newInstance(Unknown Source)
	at sun.reflect.DelegatingConstructorAccessorImpl.newInstance(DelegatingConstructorAccessorImpl.java:27)
	at java.lang.reflect.Constructor.newInstance(Constructor.java:513)
	at com.mysql.jdbc.Util.handleNewInstance(Util.java:409)
	at com.mysql.jdbc.SQLError.createCommunicationsException(SQLError.java:1127)
	at com.mysql.jdbc.MysqlIO.&lt;init&gt;(MysqlIO.java:356)
	at com.mysql.jdbc.ConnectionImpl.coreConnect(ConnectionImpl.java:2502)
	at com.mysql.jdbc.ConnectionImpl.connectOneTryOnly(ConnectionImpl.java:2539)
	at com.mysql.jdbc.ConnectionImpl.createNewIO(ConnectionImpl.java:2321)
	at com.mysql.jdbc.ConnectionImpl.&lt;init&gt;(ConnectionImpl.java:832)
	at com.mysql.jdbc.JDBC4Connection.&lt;init&gt;(JDBC4Connection.java:46)
	at sun.reflect.GeneratedConstructorAccessor8.newInstance(Unknown Source)
	at sun.reflect.DelegatingConstructorAccessorImpl.newInstance(DelegatingConstructorAccessorImpl.java:27)
	at java.lang.reflect.Constructor.newInstance(Constructor.java:513)
	at com.mysql.jdbc.Util.handleNewInstance(Util.java:409)
	at com.mysql.jdbc.ConnectionImpl.getInstance(ConnectionImpl.java:417)
	at com.mysql.jdbc.NonRegisteringDriver.connect(NonRegisteringDriver.java:344)
	at com.alibaba.druid.filter.FilterChainImpl.connection_connect(FilterChainImpl.java:142)
	at com.alibaba.druid.filter.stat.StatFilter.connection_connect(StatFilter.java:211)
	at com.alibaba.druid.filter.FilterChainImpl.connection_connect(FilterChainImpl.java:136)
	at com.alibaba.druid.pool.DruidAbstractDataSource.createPhysicalConnection(DruidAbstractDataSource.java:1243)
	at com.alibaba.druid.pool.DruidAbstractDataSource.createPhysicalConnection(DruidAbstractDataSource.java:1297)
	at com.alibaba.druid.pool.DruidDataSource$CreateConnectionThread.run(DruidDataSource.java:1207)
Caused by: java.net.ConnectException: Connection refused: connect
	at java.net.PlainSocketImpl.socketConnect(Native Method)
	at java.net.PlainSocketImpl.doConnect(PlainSocketImpl.java:333)
	at java.net.PlainSocketImpl.connectToAddress(PlainSocketImpl.java:195)
	at java.net.PlainSocketImpl.connect(PlainSocketImpl.java:182)
	at java.net.SocksSocketImpl.connect(SocksSocketImpl.java:366)
	at java.net.Socket.connect(Socket.java:519)
	at java.net.Socket.connect(Socket.java:469)
	at java.net.Socket.&lt;init&gt;(Socket.java:366)
	at java.net.Socket.&lt;init&gt;(Socket.java:209)
	at com.mysql.jdbc.StandardSocketFactory.connect(StandardSocketFactory.java:258)
	at com.mysql.jdbc.MysqlIO.&lt;init&gt;(MysqlIO.java:306)
	... 17 more
[com.alibaba.druid.pool.DruidDataSource]create connection error
com.mysql.jdbc.exceptions.jdbc4.CommunicationsException: Communications link failure

The last packet sent successfully to the server was 0 milliseconds ago. The driver has not received any packets from the server.
	at sun.reflect.GeneratedConstructorAccessor11.newInstance(Unknown Source)
	at sun.reflect.DelegatingConstructorAccessorImpl.newInstance(DelegatingConstructorAccessorImpl.java:27)
	at java.lang.reflect.Constructor.newInstance(Constructor.java:513)
	at com.mysql.jdbc.Util.handleNewInstance(Util.java:409)
	at com.mysql.jdbc.SQLError.createCommunicationsException(SQLError.java:1127)
	at com.mysql.jdbc.MysqlIO.&lt;init&gt;(MysqlIO.java:356)
	at com.mysql.jdbc.ConnectionImpl.coreConnect(ConnectionImpl.java:2502)
	at com.mysql.jdbc.ConnectionImpl.connectOneTryOnly(ConnectionImpl.java:2539)
	at com.mysql.jdbc.ConnectionImpl.createNewIO(ConnectionImpl.java:2321)
	at com.mysql.jdbc.ConnectionImpl.&lt;init&gt;(ConnectionImpl.java:832)
	at com.mysql.jdbc.JDBC4Connection.&lt;init&gt;(JDBC4Connection.java:46)
	at sun.reflect.GeneratedConstructorAccessor8.newInstance(Unknown Source)
	at sun.reflect.DelegatingConstructorAccessorImpl.newInstance(DelegatingConstructorAccessorImpl.java:27)
	at java.lang.reflect.Constructor.newInstance(Constructor.java:513)
	at com.mysql.jdbc.Util.handleNewInstance(Util.java:409)
	at com.mysql.jdbc.ConnectionImpl.getInstance(ConnectionImpl.java:417)
	at com.mysql.jdbc.NonRegisteringDriver.connect(NonRegisteringDriver.java:344)
	at com.alibaba.druid.filter.FilterChainImpl.connection_connect(FilterChainImpl.java:142)
	at com.alibaba.druid.filter.stat.StatFilter.connection_connect(StatFilter.java:211)
	at com.alibaba.druid.filter.FilterChainImpl.connection_connect(FilterChainImpl.java:136)
	at com.alibaba.druid.pool.DruidAbstractDataSource.createPhysicalConnection(DruidAbstractDataSource.java:1243)
	at com.alibaba.druid.pool.DruidAbstractDataSource.createPhysicalConnection(DruidAbstractDataSource.java:1297)
	at com.alibaba.druid.pool.DruidDataSource$CreateConnectionThread.run(DruidDataSource.java:1207)
Caused by: java.net.ConnectException: Connection refused: connect
	at java.net.PlainSocketImpl.socketConnect(Native Method)
	at java.net.PlainSocketImpl.doConnect(PlainSocketImpl.java:333)
	at java.net.PlainSocketImpl.connectToAddress(PlainSocketImpl.java:195)
	at java.net.PlainSocketImpl.connect(PlainSocketImpl.java:182)
	at java.net.SocksSocketImpl.connect(SocksSocketImpl.java:366)
	at java.net.Socket.connect(Socket.java:519)
	at java.net.Socket.connect(Socket.java:469)
	at java.net.Socket.&lt;init&gt;(Socket.java:366)
	at java.net.Socket.&lt;init&gt;(Socket.java:209)
	at com.mysql.jdbc.StandardSocketFactory.connect(StandardSocketFactory.java:258)
	at com.mysql.jdbc.MysqlIO.&lt;init&gt;(MysqlIO.java:306)
	... 17 more
[com.alibaba.druid.pool.DruidDataSource]create connection error
com.mysql.jdbc.exceptions.jdbc4.CommunicationsException: Communications link failure

The last packet sent successfully to the server was 0 milliseconds ago. The driver has not received any packets from the server.
	at sun.reflect.GeneratedConstructorAccessor11.newInstance(Unknown Source)
	at sun.reflect.DelegatingConstructorAccessorImpl.newInstance(DelegatingConstructorAccessorImpl.java:27)
	at java.lang.reflect.Constructor.newInstance(Constructor.java:513)
	at com.mysql.jdbc.Util.handleNewInstance(Util.java:409)
	at com.mysql.jdbc.SQLError.createCommunicationsException(SQLError.java:1127)
	at com.mysql.jdbc.MysqlIO.&lt;init&gt;(MysqlIO.java:356)
	at com.mysql.jdbc.ConnectionImpl.coreConnect(ConnectionImpl.java:2502)
	at com.mysql.jdbc.ConnectionImpl.connectOneTryOnly(ConnectionImpl.java:2539)
	at com.mysql.jdbc.ConnectionImpl.createNewIO(ConnectionImpl.java:2321)
	at com.mysql.jdbc.ConnectionImpl.&lt;init&gt;(ConnectionImpl.java:832)
	at com.mysql.jdbc.JDBC4Connection.&lt;init&gt;(JDBC4Connection.java:46)
	at sun.reflect.GeneratedConstructorAccessor8.newInstance(Unknown Source)
	at sun.reflect.DelegatingConstructorAccessorImpl.newInstance(DelegatingConstructorAccessorImpl.java:27)
	at java.lang.reflect.Constructor.newInstance(Constructor.java:513)
	at com.mysql.jdbc.Util.handleNewInstance(Util.java:409)
	at com.mysql.jdbc.ConnectionImpl.getInstance(ConnectionImpl.java:417)
	at com.mysql.jdbc.NonRegisteringDriver.connect(NonRegisteringDriver.java:344)
	at com.alibaba.druid.filter.FilterChainImpl.connection_connect(FilterChainImpl.java:142)
	at com.alibaba.druid.filter.stat.StatFilter.connection_connect(StatFilter.java:211)
	at com.alibaba.druid.filter.FilterChainImpl.connection_connect(FilterChainImpl.java:136)
	at com.alibaba.druid.pool.DruidAbstractDataSource.createPhysicalConnection(DruidAbstractDataSource.java:1243)
	at com.alibaba.druid.pool.DruidAbstractDataSource.createPhysicalConnection(DruidAbstractDataSource.java:1297)
	at com.alibaba.druid.pool.DruidDataSource$CreateConnectionThread.run(DruidDataSource.java:1207)
Caused by: java.net.ConnectException: Connection refused: connect
	at java.net.PlainSocketImpl.socketConnect(Native Method)
	at java.net.PlainSocketImpl.doConnect(PlainSocketImpl.java:333)
	at java.net.PlainSocketImpl.connectToAddress(PlainSocketImpl.java:195)
	at java.net.PlainSocketImpl.connect(PlainSocketImpl.java:182)
	at java.net.SocksSocketImpl.connect(SocksSocketImpl.java:366)
	at java.net.Socket.connect(Socket.java:519)
	at java.net.Socket.connect(Socket.java:469)
	at java.net.Socket.&lt;init&gt;(Socket.java:366)
	at java.net.Socket.&lt;init&gt;(Socket.java:209)
	at com.mysql.jdbc.StandardSocketFactory.connect(StandardSocketFactory.java:258)
	at com.mysql.jdbc.MysqlIO.&lt;init&gt;(MysqlIO.java:306)
	... 17 more
[com.alibaba.druid.pool.DruidDataSource]create connection error
com.mysql.jdbc.exceptions.jdbc4.CommunicationsException: Communications link failure

The last packet sent successfully to the server was 0 milliseconds ago. The driver has not received any packets from the server.
	at sun.reflect.GeneratedConstructorAccessor11.newInstance(Unknown Source)
	at sun.reflect.DelegatingConstructorAccessorImpl.newInstance(DelegatingConstructorAccessorImpl.java:27)
	at java.lang.reflect.Constructor.newInstance(Constructor.java:513)
	at com.mysql.jdbc.Util.handleNewInstance(Util.java:409)
	at com.mysql.jdbc.SQLError.createCommunicationsException(SQLError.java:1127)
	at com.mysql.jdbc.MysqlIO.&lt;init&gt;(MysqlIO.java:356)
	at com.mysql.jdbc.ConnectionImpl.coreConnect(ConnectionImpl.java:2502)
	at com.mysql.jdbc.ConnectionImpl.connectOneTryOnly(ConnectionImpl.java:2539)
	at com.mysql.jdbc.ConnectionImpl.createNewIO(ConnectionImpl.java:2321)
	at com.mysql.jdbc.ConnectionImpl.&lt;init&gt;(ConnectionImpl.java:832)
	at com.mysql.jdbc.JDBC4Connection.&lt;init&gt;(JDBC4Connection.java:46)
	at sun.reflect.GeneratedConstructorAccessor8.newInstance(Unknown Source)
	at sun.reflect.DelegatingConstructorAccessorImpl.newInstance(DelegatingConstructorAccessorImpl.java:27)
	at java.lang.reflect.Constructor.newInstance(Constructor.java:513)
	at com.mysql.jdbc.Util.handleNewInstance(Util.java:409)
	at com.mysql.jdbc.ConnectionImpl.getInstance(ConnectionImpl.java:417)
	at com.mysql.jdbc.NonRegisteringDriver.connect(NonRegisteringDriver.java:344)
	at com.alibaba.druid.filter.FilterChainImpl.connection_connect(FilterChainImpl.java:142)
	at com.alibaba.druid.filter.stat.StatFilter.connection_connect(StatFilter.java:211)
	at com.alibaba.druid.filter.FilterChainImpl.connection_connect(FilterChainImpl.java:136)
	at com.alibaba.druid.pool.DruidAbstractDataSource.createPhysicalConnection(DruidAbstractDataSource.java:1243)
	at com.alibaba.druid.pool.DruidAbstractDataSource.createPhysicalConnection(DruidAbstractDataSource.java:1297)
	at com.alibaba.druid.pool.DruidDataSource$CreateConnectionThread.run(DruidDataSource.java:1207)
Caused by: java.net.ConnectException: Connection refused: connect
	at java.net.PlainSocketImpl.socketConnect(Native Method)
	at java.net.PlainSocketImpl.doConnect(PlainSocketImpl.java:333)
	at java.net.PlainSocketImpl.connectToAddress(PlainSocketImpl.java:195)
	at java.net.PlainSocketImpl.connect(PlainSocketImpl.java:182)
	at java.net.SocksSocketImpl.connect(SocksSocketImpl.java:366)
	at java.net.Socket.connect(Socket.java:519)
	at java.net.Socket.connect(Socket.java:469)
	at java.net.Socket.&lt;init&gt;(Socket.java:366)
	at java.net.Socket.&lt;init&gt;(Socket.java:209)
	at com.mysql.jdbc.StandardSocketFactory.connect(StandardSocketFactory.java:258)
	at com.mysql.jdbc.MysqlIO.&lt;init&gt;(MysqlIO.java:306)
	... 17 more
[org.hibernate.engine.jdbc.internal.JdbcServicesImpl]HHH000342: Could not obtain connection to query metadata : com.mysql.jdbc.exceptions.jdbc4.CommunicationsException: Communications link failure

The last packet sent successfully to the server was 0 milliseconds ago. The driver has not received any packets from the server.
[org.hibernate.dialect.Dialect]HHH000400: Using dialect: org.hibernate.dialect.MySQLDialect
[org.hibernate.engine.jdbc.internal.LobCreatorBuilder]HHH000422: Disabling contextual LOB creation as connection was null
[org.hibernate.engine.transaction.internal.TransactionFactoryInitiator]HHH000399: Using default transaction strategy (direct JDBC transactions)
[org.hibernate.hql.internal.ast.ASTQueryTranslatorFactory]HHH000397: Using ASTQueryTranslatorFactory
[org.hibernate.tool.hbm2ddl.SchemaUpdate]HHH000228: Running hbm2ddl schema update
[org.hibernate.tool.hbm2ddl.SchemaUpdate]HHH000102: Fetching database metadata
[com.alibaba.druid.pool.DruidDataSource]create connection error
com.mysql.jdbc.exceptions.jdbc4.CommunicationsException: Communications link failure

The last packet sent successfully to the server was 0 milliseconds ago. The driver has not received any packets from the server.
	at sun.reflect.GeneratedConstructorAccessor11.newInstance(Unknown Source)
	at sun.reflect.DelegatingConstructorAccessorImpl.newInstance(DelegatingConstructorAccessorImpl.java:27)
	at java.lang.reflect.Constructor.newInstance(Constructor.java:513)
	at com.mysql.jdbc.Util.handleNewInstance(Util.java:409)
	at com.mysql.jdbc.SQLError.createCommunicationsException(SQLError.java:1127)
	at com.mysql.jdbc.MysqlIO.&lt;init&gt;(MysqlIO.java:356)
	at com.mysql.jdbc.ConnectionImpl.coreConnect(ConnectionImpl.java:2502)
	at com.mysql.jdbc.ConnectionImpl.connectOneTryOnly(ConnectionImpl.java:2539)
	at com.mysql.jdbc.ConnectionImpl.createNewIO(ConnectionImpl.java:2321)
	at com.mysql.jdbc.ConnectionImpl.&lt;init&gt;(ConnectionImpl.java:832)
	at com.mysql.jdbc.JDBC4Connection.&lt;init&gt;(JDBC4Connection.java:46)
	at sun.reflect.GeneratedConstructorAccessor8.newInstance(Unknown Source)
	at sun.reflect.DelegatingConstructorAccessorImpl.newInstance(DelegatingConstructorAccessorImpl.java:27)
	at java.lang.reflect.Constructor.newInstance(Constructor.java:513)
	at com.mysql.jdbc.Util.handleNewInstance(Util.java:409)
	at com.mysql.jdbc.ConnectionImpl.getInstance(ConnectionImpl.java:417)
	at com.mysql.jdbc.NonRegisteringDriver.connect(NonRegisteringDriver.java:344)
	at com.alibaba.druid.filter.FilterChainImpl.connection_connect(FilterChainImpl.java:142)
	at com.alibaba.druid.filter.stat.StatFilter.connection_connect(StatFilter.java:211)
	at com.alibaba.druid.filter.FilterChainImpl.connection_connect(FilterChainImpl.java:136)
	at com.alibaba.druid.pool.DruidAbstractDataSource.createPhysicalConnection(DruidAbstractDataSource.java:1243)
	at com.alibaba.druid.pool.DruidAbstractDataSource.createPhysicalConnection(DruidAbstractDataSource.java:1297)
	at com.alibaba.druid.pool.DruidDataSource$CreateConnectionThread.run(DruidDataSource.java:1207)
Caused by: java.net.ConnectException: Connection refused: connect
	at java.net.PlainSocketImpl.socketConnect(Native Method)
	at java.net.PlainSocketImpl.doConnect(PlainSocketImpl.java:333)
	at java.net.PlainSocketImpl.connectToAddress(PlainSocketImpl.java:195)
	at java.net.PlainSocketImpl.connect(PlainSocketImpl.java:182)
	at java.net.SocksSocketImpl.connect(SocksSocketImpl.java:366)
	at java.net.Socket.connect(Socket.java:519)
	at java.net.Socket.connect(Socket.java:469)
	at java.net.Socket.&lt;init&gt;(Socket.java:366)
	at java.net.Socket.&lt;init&gt;(Socket.java:209)
	at com.mysql.jdbc.StandardSocketFactory.connect(StandardSocketFactory.java:258)
	at com.mysql.jdbc.MysqlIO.&lt;init&gt;(MysqlIO.java:306)
	... 17 more
[com.alibaba.druid.pool.DruidDataSource]create connection error
com.mysql.jdbc.exceptions.jdbc4.CommunicationsException: Communications link failure

The last packet sent successfully to the server was 0 milliseconds ago. The driver has not received any packets from the server.
	at sun.reflect.GeneratedConstructorAccessor11.newInstance(Unknown Source)
	at sun.reflect.DelegatingConstructorAccessorImpl.newInstance(DelegatingConstructorAccessorImpl.java:27)
	at java.lang.reflect.Constructor.newInstance(Constructor.java:513)
	at com.mysql.jdbc.Util.handleNewInstance(Util.java:409)
	at com.mysql.jdbc.SQLError.createCommunicationsException(SQLError.java:1127)
	at com.mysql.jdbc.MysqlIO.&lt;init&gt;(MysqlIO.java:356)
	at com.mysql.jdbc.ConnectionImpl.coreConnect(ConnectionImpl.java:2502)
	at com.mysql.jdbc.ConnectionImpl.connectOneTryOnly(ConnectionImpl.java:2539)
	at com.mysql.jdbc.ConnectionImpl.createNewIO(ConnectionImpl.java:2321)
	at com.mysql.jdbc.ConnectionImpl.&lt;init&gt;(ConnectionImpl.java:832)
	at com.mysql.jdbc.JDBC4Connection.&lt;init&gt;(JDBC4Connection.java:46)
	at sun.reflect.GeneratedConstructorAccessor8.newInstance(Unknown Source)
	at sun.reflect.DelegatingConstructorAccessorImpl.newInstance(DelegatingConstructorAccessorImpl.java:27)
	at java.lang.reflect.Constructor.newInstance(Constructor.java:513)
	at com.mysql.jdbc.Util.handleNewInstance(Util.java:409)
	at com.mysql.jdbc.ConnectionImpl.getInstance(ConnectionImpl.java:417)
	at com.mysql.jdbc.NonRegisteringDriver.connect(NonRegisteringDriver.java:344)
	at com.alibaba.druid.filter.FilterChainImpl.connection_connect(FilterChainImpl.java:142)
	at com.alibaba.druid.filter.stat.StatFilter.connection_connect(StatFilter.java:211)
	at com.alibaba.druid.filter.FilterChainImpl.connection_connect(FilterChainImpl.java:136)
	at com.alibaba.druid.pool.DruidAbstractDataSource.createPhysicalConnection(DruidAbstractDataSource.java:1243)
	at com.alibaba.druid.pool.DruidAbstractDataSource.createPhysicalConnection(DruidAbstractDataSource.java:1297)
	at com.alibaba.druid.pool.DruidDataSource$CreateConnectionThread.run(DruidDataSource.java:1207)
Caused by: java.net.ConnectException: Connection refused: connect
	at java.net.PlainSocketImpl.socketConnect(Native Method)
	at java.net.PlainSocketImpl.doConnect(PlainSocketImpl.java:333)
	at java.net.PlainSocketImpl.connectToAddress(PlainSocketImpl.java:195)
	at java.net.PlainSocketImpl.connect(PlainSocketImpl.java:182)
	at java.net.SocksSocketImpl.connect(SocksSocketImpl.java:366)
	at java.net.Socket.connect(Socket.java:519)
	at java.net.Socket.connect(Socket.java:469)
	at java.net.Socket.&lt;init&gt;(Socket.java:366)
	at java.net.Socket.&lt;init&gt;(Socket.java:209)
	at com.mysql.jdbc.StandardSocketFactory.connect(StandardSocketFactory.java:258)
	at com.mysql.jdbc.MysqlIO.&lt;init&gt;(MysqlIO.java:306)
	... 17 more
[com.alibaba.druid.pool.DruidDataSource]create connection error
com.mysql.jdbc.exceptions.jdbc4.CommunicationsException: Communications link failure

The last packet sent successfully to the server was 0 milliseconds ago. The driver has not received any packets from the server.
	at sun.reflect.GeneratedConstructorAccessor11.newInstance(Unknown Source)
	at sun.reflect.DelegatingConstructorAccessorImpl.newInstance(DelegatingConstructorAccessorImpl.java:27)
	at java.lang.reflect.Constructor.newInstance(Constructor.java:513)
	at com.mysql.jdbc.Util.handleNewInstance(Util.java:409)
	at com.mysql.jdbc.SQLError.createCommunicationsException(SQLError.java:1127)
	at com.mysql.jdbc.MysqlIO.&lt;init&gt;(MysqlIO.java:356)
	at com.mysql.jdbc.ConnectionImpl.coreConnect(ConnectionImpl.java:2502)
	at com.mysql.jdbc.ConnectionImpl.connectOneTryOnly(ConnectionImpl.java:2539)
	at com.mysql.jdbc.ConnectionImpl.createNewIO(ConnectionImpl.java:2321)
	at com.mysql.jdbc.ConnectionImpl.&lt;init&gt;(ConnectionImpl.java:832)
	at com.mysql.jdbc.JDBC4Connection.&lt;init&gt;(JDBC4Connection.java:46)
	at sun.reflect.GeneratedConstructorAccessor8.newInstance(Unknown Source)
	at sun.reflect.DelegatingConstructorAccessorImpl.newInstance(DelegatingConstructorAccessorImpl.java:27)
	at java.lang.reflect.Constructor.newInstance(Constructor.java:513)
	at com.mysql.jdbc.Util.handleNewInstance(Util.java:409)
	at com.mysql.jdbc.ConnectionImpl.getInstance(ConnectionImpl.java:417)
	at com.mysql.jdbc.NonRegisteringDriver.connect(NonRegisteringDriver.java:344)
	at com.alibaba.druid.filter.FilterChainImpl.connection_connect(FilterChainImpl.java:142)
	at com.alibaba.druid.filter.stat.StatFilter.connection_connect(StatFilter.java:211)
	at com.alibaba.druid.filter.FilterChainImpl.connection_connect(FilterChainImpl.java:136)
	at com.alibaba.druid.pool.DruidAbstractDataSource.createPhysicalConnection(DruidAbstractDataSource.java:1243)
	at com.alibaba.druid.pool.DruidAbstractDataSource.createPhysicalConnection(DruidAbstractDataSource.java:1297)
	at com.alibaba.druid.pool.DruidDataSource$CreateConnectionThread.run(DruidDataSource.java:1207)
Caused by: java.net.ConnectException: Connection refused: connect
	at java.net.PlainSocketImpl.socketConnect(Native Method)
	at java.net.PlainSocketImpl.doConnect(PlainSocketImpl.java:333)
	at java.net.PlainSocketImpl.connectToAddress(PlainSocketImpl.java:195)
	at java.net.PlainSocketImpl.connect(PlainSocketImpl.java:182)
	at java.net.SocksSocketImpl.connect(SocksSocketImpl.java:366)
	at java.net.Socket.connect(Socket.java:519)
	at java.net.Socket.connect(Socket.java:469)
	at java.net.Socket.&lt;init&gt;(Socket.java:366)
	at java.net.Socket.&lt;init&gt;(Socket.java:209)
	at com.mysql.jdbc.StandardSocketFactory.connect(StandardSocketFactory.java:258)
	at com.mysql.jdbc.MysqlIO.&lt;init&gt;(MysqlIO.java:306)
	... 17 more
[org.hibernate.tool.hbm2ddl.SchemaUpdate]HHH000319: Could not get database metadata
com.alibaba.druid.pool.GetConnectionTimeoutException: com.mysql.jdbc.exceptions.jdbc4.CommunicationsException: Communications link failure

The last packet sent successfully to the server was 0 milliseconds ago. The driver has not received any packets from the server.
	at com.alibaba.druid.pool.DruidDataSource.pollLast(DruidDataSource.java:1066)
	at com.alibaba.druid.pool.DruidDataSource.getConnectionInternal(DruidDataSource.java:748)
	at com.alibaba.druid.pool.DruidDataSource.getConnectionDirect(DruidDataSource.java:640)
	at com.alibaba.druid.filter.FilterChainImpl.dataSource_connect(FilterChainImpl.java:4530)
	at com.alibaba.druid.filter.stat.StatFilter.dataSource_getConnection(StatFilter.java:679)
	at com.alibaba.druid.filter.FilterChainImpl.dataSource_connect(FilterChainImpl.java:4526)
	at com.alibaba.druid.pool.DruidDataSource.getConnection(DruidDataSource.java:622)
	at com.alibaba.druid.pool.DruidDataSource.getConnection(DruidDataSource.java:614)
	at com.alibaba.druid.pool.DruidDataSource.getConnection(DruidDataSource.java:79)
	at org.hibernate.service.jdbc.connections.internal.DatasourceConnectionProviderImpl.getConnection(DatasourceConnectionProviderImpl.java:141)
	at org.hibernate.tool.hbm2ddl.SuppliedConnectionProviderConnectionHelper.prepare(SuppliedConnectionProviderConnectionHelper.java:51)
	at org.hibernate.tool.hbm2ddl.SchemaUpdate.execute(SchemaUpdate.java:194)
	at org.hibernate.tool.hbm2ddl.SchemaUpdate.execute(SchemaUpdate.java:178)
	at org.hibernate.internal.SessionFactoryImpl.&lt;init&gt;(SessionFactoryImpl.java:492)
	at org.hibernate.cfg.Configuration.buildSessionFactory(Configuration.java:1750)
	at org.hibernate.cfg.Configuration.buildSessionFactory(Configuration.java:1788)
	at org.springframework.orm.hibernate4.LocalSessionFactoryBuilder.buildSessionFactory(LocalSessionFactoryBuilder.java:242)
	at org.springframework.orm.hibernate4.LocalSessionFactoryBean.buildSessionFactory(LocalSessionFactoryBean.java:372)
	at org.springframework.orm.hibernate4.LocalSessionFactoryBean.afterPropertiesSet(LocalSessionFactoryBean.java:357)
	at org.springframework.beans.factory.support.AbstractAutowireCapableBeanFactory.invokeInitMethods(AbstractAutowireCapableBeanFactory.java:1514)
	at org.springframework.beans.factory.support.AbstractAutowireCapableBeanFactory.initializeBean(AbstractAutowireCapableBeanFactory.java:1452)
	at org.springframework.beans.factory.support.AbstractAutowireCapableBeanFactory.doCreateBean(AbstractAutowireCapableBeanFactory.java:519)
	at org.springframework.beans.factory.support.AbstractAutowireCapableBeanFactory.createBean(AbstractAutowireCapableBeanFactory.java:456)
	at org.springframework.beans.factory.support.AbstractBeanFactory$1.getObject(AbstractBeanFactory.java:294)
	at org.springframework.beans.factory.support.DefaultSingletonBeanRegistry.getSingleton(DefaultSingletonBeanRegistry.java:225)
	at org.springframework.beans.factory.support.AbstractBeanFactory.doGetBean(AbstractBeanFactory.java:291)
	at org.springframework.beans.factory.support.AbstractBeanFactory.getBean(AbstractBeanFactory.java:193)
	at org.springframework.beans.factory.support.DefaultListableBeanFactory.findAutowireCandidates(DefaultListableBeanFactory.java:876)
	at org.springframework.beans.factory.support.DefaultListableBeanFactory.doResolveDependency(DefaultListableBeanFactory.java:818)
	at org.springframework.beans.factory.support.DefaultListableBeanFactory.resolveDependency(DefaultListableBeanFactory.java:735)
	at org.springframework.beans.factory.annotation.AutowiredAnnotationBeanPostProcessor$AutowiredMethodElement.inject(AutowiredAnnotationBeanPostProcessor.java:551)
	at org.springframework.beans.factory.annotation.InjectionMetadata.inject(InjectionMetadata.java:87)
	at org.springframework.beans.factory.annotation.AutowiredAnnotationBeanPostProcessor.postProcessPropertyValues(AutowiredAnnotationBeanPostProcessor.java:284)
	at org.springframework.beans.factory.support.AbstractAutowireCapableBeanFactory.populateBean(AbstractAutowireCapableBeanFactory.java:1106)
	at org.springframework.beans.factory.support.AbstractAutowireCapableBeanFactory.doCreateBean(AbstractAutowireCapableBeanFactory.java:517)
	at org.springframework.beans.factory.support.AbstractAutowireCapableBeanFactory.createBean(AbstractAutowireCapableBeanFactory.java:456)
	at org.springframework.beans.factory.support.AbstractBeanFactory$1.getObject(AbstractBeanFactory.java:294)
	at org.springframework.beans.factory.support.DefaultSingletonBeanRegistry.getSingleton(DefaultSingletonBeanRegistry.java:225)
	at org.springframework.beans.factory.support.AbstractBeanFactory.doGetBean(AbstractBeanFactory.java:291)
	at org.springframework.beans.factory.support.AbstractBeanFactory.getBean(AbstractBeanFactory.java:193)
	at org.springframework.beans.factory.support.DefaultListableBeanFactory.preInstantiateSingletons(DefaultListableBeanFactory.java:609)
	at org.springframework.context.support.AbstractApplicationContext.finishBeanFactoryInitialization(AbstractApplicationContext.java:918)
	at org.springframework.context.support.AbstractApplicationContext.refresh(AbstractApplicationContext.java:469)
	at org.springframework.context.support.ClassPathXmlApplicationContext.&lt;init&gt;(ClassPathXmlApplicationContext.java:139)
	at org.springframework.context.support.ClassPathXmlApplicationContext.&lt;init&gt;(ClassPathXmlApplicationContext.java:93)
	at sy.test.TestHibernate.test(TestHibernate.java:18)
	at sun.reflect.NativeMethodAccessorImpl.invoke0(Native Method)
	at sun.reflect.NativeMethodAccessorImpl.invoke(NativeMethodAccessorImpl.java:39)
	at sun.reflect.DelegatingMethodAccessorImpl.invoke(DelegatingMethodAccessorImpl.java:25)
	at java.lang.reflect.Method.invoke(Method.java:597)
	at org.junit.runners.model.FrameworkMethod$1.runReflectiveCall(FrameworkMethod.java:47)
	at org.junit.internal.runners.model.ReflectiveCallable.run(ReflectiveCallable.java:12)
	at org.junit.runners.model.FrameworkMethod.invokeExplosively(FrameworkMethod.java:44)
	at org.junit.internal.runners.statements.InvokeMethod.evaluate(InvokeMethod.java:17)
	at org.junit.runners.ParentRunner.runLeaf(ParentRunner.java:271)
	at org.junit.runners.BlockJUnit4ClassRunner.runChild(BlockJUnit4ClassRunner.java:70)
	at org.junit.runners.BlockJUnit4ClassRunner.runChild(BlockJUnit4ClassRunner.java:50)
	at org.junit.runners.ParentRunner$3.run(ParentRunner.java:238)
	at org.junit.runners.ParentRunner$1.schedule(ParentRunner.java:63)
	at org.junit.runners.ParentRunner.runChildren(ParentRunner.java:236)
	at org.junit.runners.ParentRunner.access$000(ParentRunner.java:53)
	at org.junit.runners.ParentRunner$2.evaluate(ParentRunner.java:229)
	at org.junit.runners.ParentRunner.run(ParentRunner.java:309)
	at org.apache.maven.surefire.junit4.JUnit4TestSet.execute(JUnit4TestSet.java:35)
	at org.apache.maven.surefire.junit4.JUnit4Provider.executeTestSet(JUnit4Provider.java:146)
	at org.apache.maven.surefire.junit4.JUnit4Provider.invoke(JUnit4Provider.java:97)
	at sun.reflect.NativeMethodAccessorImpl.invoke0(Native Method)
	at sun.reflect.NativeMethodAccessorImpl.invoke(NativeMethodAccessorImpl.java:39)
	at sun.reflect.DelegatingMethodAccessorImpl.invoke(DelegatingMethodAccessorImpl.java:25)
	at java.lang.reflect.Method.invoke(Method.java:597)
	at org.apache.maven.surefire.booter.ProviderFactory$ClassLoaderProxy.invoke(ProviderFactory.java:103)
	at $Proxy0.invoke(Unknown Source)
	at org.apache.maven.surefire.booter.SurefireStarter.invokeProvider(SurefireStarter.java:145)
	at org.apache.maven.surefire.booter.SurefireStarter.runSuitesInProcess(SurefireStarter.java:87)
	at org.apache.maven.surefire.booter.ForkedBooter.main(ForkedBooter.java:69)
Caused by: com.mysql.jdbc.exceptions.jdbc4.CommunicationsException: Communications link failure

The last packet sent successfully to the server was 0 milliseconds ago. The driver has not received any packets from the server.
	at sun.reflect.GeneratedConstructorAccessor11.newInstance(Unknown Source)
	at sun.reflect.DelegatingConstructorAccessorImpl.newInstance(DelegatingConstructorAccessorImpl.java:27)
	at java.lang.reflect.Constructor.newInstance(Constructor.java:513)
	at com.mysql.jdbc.Util.handleNewInstance(Util.java:409)
	at com.mysql.jdbc.SQLError.createCommunicationsException(SQLError.java:1127)
	at com.mysql.jdbc.MysqlIO.&lt;init&gt;(MysqlIO.java:356)
	at com.mysql.jdbc.ConnectionImpl.coreConnect(ConnectionImpl.java:2502)
	at com.mysql.jdbc.ConnectionImpl.connectOneTryOnly(ConnectionImpl.java:2539)
	at com.mysql.jdbc.ConnectionImpl.createNewIO(ConnectionImpl.java:2321)
	at com.mysql.jdbc.ConnectionImpl.&lt;init&gt;(ConnectionImpl.java:832)
	at com.mysql.jdbc.JDBC4Connection.&lt;init&gt;(JDBC4Connection.java:46)
	at sun.reflect.GeneratedConstructorAccessor8.newInstance(Unknown Source)
	at sun.reflect.DelegatingConstructorAccessorImpl.newInstance(DelegatingConstructorAccessorImpl.java:27)
	at java.lang.reflect.Constructor.newInstance(Constructor.java:513)
	at com.mysql.jdbc.Util.handleNewInstance(Util.java:409)
	at com.mysql.jdbc.ConnectionImpl.getInstance(ConnectionImpl.java:417)
	at com.mysql.jdbc.NonRegisteringDriver.connect(NonRegisteringDriver.java:344)
	at com.alibaba.druid.filter.FilterChainImpl.connection_connect(FilterChainImpl.java:142)
	at com.alibaba.druid.filter.stat.StatFilter.connection_connect(StatFilter.java:211)
	at com.alibaba.druid.filter.FilterChainImpl.connection_connect(FilterChainImpl.java:136)
	at com.alibaba.druid.pool.DruidAbstractDataSource.createPhysicalConnection(DruidAbstractDataSource.java:1243)
	at com.alibaba.druid.pool.DruidAbstractDataSource.createPhysicalConnection(DruidAbstractDataSource.java:1297)
	at com.alibaba.druid.pool.DruidDataSource$CreateConnectionThread.run(DruidDataSource.java:1207)
Caused by: java.net.ConnectException: Connection refused: connect
	at java.net.PlainSocketImpl.socketConnect(Native Method)
	at java.net.PlainSocketImpl.doConnect(PlainSocketImpl.java:333)
	at java.net.PlainSocketImpl.connectToAddress(PlainSocketImpl.java:195)
	at java.net.PlainSocketImpl.connect(PlainSocketImpl.java:182)
	at java.net.SocksSocketImpl.connect(SocksSocketImpl.java:366)
	at java.net.Socket.connect(Socket.java:519)
	at java.net.Socket.connect(Socket.java:469)
	at java.net.Socket.&lt;init&gt;(Socket.java:366)
	at java.net.Socket.&lt;init&gt;(Socket.java:209)
	at com.mysql.jdbc.StandardSocketFactory.connect(StandardSocketFactory.java:258)
	at com.mysql.jdbc.MysqlIO.&lt;init&gt;(MysqlIO.java:306)
	... 17 more
[org.hibernate.tool.hbm2ddl.SchemaUpdate]HHH000299: Could not complete schema update
com.alibaba.druid.pool.GetConnectionTimeoutException: com.mysql.jdbc.exceptions.jdbc4.CommunicationsException: Communications link failure

The last packet sent successfully to the server was 0 milliseconds ago. The driver has not received any packets from the server.
	at com.alibaba.druid.pool.DruidDataSource.pollLast(DruidDataSource.java:1066)
	at com.alibaba.druid.pool.DruidDataSource.getConnectionInternal(DruidDataSource.java:748)
	at com.alibaba.druid.pool.DruidDataSource.getConnectionDirect(DruidDataSource.java:640)
	at com.alibaba.druid.filter.FilterChainImpl.dataSource_connect(FilterChainImpl.java:4530)
	at com.alibaba.druid.filter.stat.StatFilter.dataSource_getConnection(StatFilter.java:679)
	at com.alibaba.druid.filter.FilterChainImpl.dataSource_connect(FilterChainImpl.java:4526)
	at com.alibaba.druid.pool.DruidDataSource.getConnection(DruidDataSource.java:622)
	at com.alibaba.druid.pool.DruidDataSource.getConnection(DruidDataSource.java:614)
	at com.alibaba.druid.pool.DruidDataSource.getConnection(DruidDataSource.java:79)
	at org.hibernate.service.jdbc.connections.internal.DatasourceConnectionProviderImpl.getConnection(DatasourceConnectionProviderImpl.java:141)
	at org.hibernate.tool.hbm2ddl.SuppliedConnectionProviderConnectionHelper.prepare(SuppliedConnectionProviderConnectionHelper.java:51)
	at org.hibernate.tool.hbm2ddl.SchemaUpdate.execute(SchemaUpdate.java:194)
	at org.hibernate.tool.hbm2ddl.SchemaUpdate.execute(SchemaUpdate.java:178)
	at org.hibernate.internal.SessionFactoryImpl.&lt;init&gt;(SessionFactoryImpl.java:492)
	at org.hibernate.cfg.Configuration.buildSessionFactory(Configuration.java:1750)
	at org.hibernate.cfg.Configuration.buildSessionFactory(Configuration.java:1788)
	at org.springframework.orm.hibernate4.LocalSessionFactoryBuilder.buildSessionFactory(LocalSessionFactoryBuilder.java:242)
	at org.springframework.orm.hibernate4.LocalSessionFactoryBean.buildSessionFactory(LocalSessionFactoryBean.java:372)
	at org.springframework.orm.hibernate4.LocalSessionFactoryBean.afterPropertiesSet(LocalSessionFactoryBean.java:357)
	at org.springframework.beans.factory.support.AbstractAutowireCapableBeanFactory.invokeInitMethods(AbstractAutowireCapableBeanFactory.java:1514)
	at org.springframework.beans.factory.support.AbstractAutowireCapableBeanFactory.initializeBean(AbstractAutowireCapableBeanFactory.java:1452)
	at org.springframework.beans.factory.support.AbstractAutowireCapableBeanFactory.doCreateBean(AbstractAutowireCapableBeanFactory.java:519)
	at org.springframework.beans.factory.support.AbstractAutowireCapableBeanFactory.createBean(AbstractAutowireCapableBeanFactory.java:456)
	at org.springframework.beans.factory.support.AbstractBeanFactory$1.getObject(AbstractBeanFactory.java:294)
	at org.springframework.beans.factory.support.DefaultSingletonBeanRegistry.getSingleton(DefaultSingletonBeanRegistry.java:225)
	at org.springframework.beans.factory.support.AbstractBeanFactory.doGetBean(AbstractBeanFactory.java:291)
	at org.springframework.beans.factory.support.AbstractBeanFactory.getBean(AbstractBeanFactory.java:193)
	at org.springframework.beans.factory.support.DefaultListableBeanFactory.findAutowireCandidates(DefaultListableBeanFactory.java:876)
	at org.springframework.beans.factory.support.DefaultListableBeanFactory.doResolveDependency(DefaultListableBeanFactory.java:818)
	at org.springframework.beans.factory.support.DefaultListableBeanFactory.resolveDependency(DefaultListableBeanFactory.java:735)
	at org.springframework.beans.factory.annotation.AutowiredAnnotationBeanPostProcessor$AutowiredMethodElement.inject(AutowiredAnnotationBeanPostProcessor.java:551)
	at org.springframework.beans.factory.annotation.InjectionMetadata.inject(InjectionMetadata.java:87)
	at org.springframework.beans.factory.annotation.AutowiredAnnotationBeanPostProcessor.postProcessPropertyValues(AutowiredAnnotationBeanPostProcessor.java:284)
	at org.springframework.beans.factory.support.AbstractAutowireCapableBeanFactory.populateBean(AbstractAutowireCapableBeanFactory.java:1106)
	at org.springframework.beans.factory.support.AbstractAutowireCapableBeanFactory.doCreateBean(AbstractAutowireCapableBeanFactory.java:517)
	at org.springframework.beans.factory.support.AbstractAutowireCapableBeanFactory.createBean(AbstractAutowireCapableBeanFactory.java:456)
	at org.springframework.beans.factory.support.AbstractBeanFactory$1.getObject(AbstractBeanFactory.java:294)
	at org.springframework.beans.factory.support.DefaultSingletonBeanRegistry.getSingleton(DefaultSingletonBeanRegistry.java:225)
	at org.springframework.beans.factory.support.AbstractBeanFactory.doGetBean(AbstractBeanFactory.java:291)
	at org.springframework.beans.factory.support.AbstractBeanFactory.getBean(AbstractBeanFactory.java:193)
	at org.springframework.beans.factory.support.DefaultListableBeanFactory.preInstantiateSingletons(DefaultListableBeanFactory.java:609)
	at org.springframework.context.support.AbstractApplicationContext.finishBeanFactoryInitialization(AbstractApplicationContext.java:918)
	at org.springframework.context.support.AbstractApplicationContext.refresh(AbstractApplicationContext.java:469)
	at org.springframework.context.support.ClassPathXmlApplicationContext.&lt;init&gt;(ClassPathXmlApplicationContext.java:139)
	at org.springframework.context.support.ClassPathXmlApplicationContext.&lt;init&gt;(ClassPathXmlApplicationContext.java:93)
	at sy.test.TestHibernate.test(TestHibernate.java:18)
	at sun.reflect.NativeMethodAccessorImpl.invoke0(Native Method)
	at sun.reflect.NativeMethodAccessorImpl.invoke(NativeMethodAccessorImpl.java:39)
	at sun.reflect.DelegatingMethodAccessorImpl.invoke(DelegatingMethodAccessorImpl.java:25)
	at java.lang.reflect.Method.invoke(Method.java:597)
	at org.junit.runners.model.FrameworkMethod$1.runReflectiveCall(FrameworkMethod.java:47)
	at org.junit.internal.runners.model.ReflectiveCallable.run(ReflectiveCallable.java:12)
	at org.junit.runners.model.FrameworkMethod.invokeExplosively(FrameworkMethod.java:44)
	at org.junit.internal.runners.statements.InvokeMethod.evaluate(InvokeMethod.java:17)
	at org.junit.runners.ParentRunner.runLeaf(ParentRunner.java:271)
	at org.junit.runners.BlockJUnit4ClassRunner.runChild(BlockJUnit4ClassRunner.java:70)
	at org.junit.runners.BlockJUnit4ClassRunner.runChild(BlockJUnit4ClassRunner.java:50)
	at org.junit.runners.ParentRunner$3.run(ParentRunner.java:238)
	at org.junit.runners.ParentRunner$1.schedule(ParentRunner.java:63)
	at org.junit.runners.ParentRunner.runChildren(ParentRunner.java:236)
	at org.junit.runners.ParentRunner.access$000(ParentRunner.java:53)
	at org.junit.runners.ParentRunner$2.evaluate(ParentRunner.java:229)
	at org.junit.runners.ParentRunner.run(ParentRunner.java:309)
	at org.apache.maven.surefire.junit4.JUnit4TestSet.execute(JUnit4TestSet.java:35)
	at org.apache.maven.surefire.junit4.JUnit4Provider.executeTestSet(JUnit4Provider.java:146)
	at org.apache.maven.surefire.junit4.JUnit4Provider.invoke(JUnit4Provider.java:97)
	at sun.reflect.NativeMethodAccessorImpl.invoke0(Native Method)
	at sun.reflect.NativeMethodAccessorImpl.invoke(NativeMethodAccessorImpl.java:39)
	at sun.reflect.DelegatingMethodAccessorImpl.invoke(DelegatingMethodAccessorImpl.java:25)
	at java.lang.reflect.Method.invoke(Method.java:597)
	at org.apache.maven.surefire.booter.ProviderFactory$ClassLoaderProxy.invoke(ProviderFactory.java:103)
	at $Proxy0.invoke(Unknown Source)
	at org.apache.maven.surefire.booter.SurefireStarter.invokeProvider(SurefireStarter.java:145)
	at org.apache.maven.surefire.booter.SurefireStarter.runSuitesInProcess(SurefireStarter.java:87)
	at org.apache.maven.surefire.booter.ForkedBooter.main(ForkedBooter.java:69)
Caused by: com.mysql.jdbc.exceptions.jdbc4.CommunicationsException: Communications link failure

The last packet sent successfully to the server was 0 milliseconds ago. The driver has not received any packets from the server.
	at sun.reflect.GeneratedConstructorAccessor11.newInstance(Unknown Source)
	at sun.reflect.DelegatingConstructorAccessorImpl.newInstance(DelegatingConstructorAccessorImpl.java:27)
	at java.lang.reflect.Constructor.newInstance(Constructor.java:513)
	at com.mysql.jdbc.Util.handleNewInstance(Util.java:409)
	at com.mysql.jdbc.SQLError.createCommunicationsException(SQLError.java:1127)
	at com.mysql.jdbc.MysqlIO.&lt;init&gt;(MysqlIO.java:356)
	at com.mysql.jdbc.ConnectionImpl.coreConnect(ConnectionImpl.java:2502)
	at com.mysql.jdbc.ConnectionImpl.connectOneTryOnly(ConnectionImpl.java:2539)
	at com.mysql.jdbc.ConnectionImpl.createNewIO(ConnectionImpl.java:2321)
	at com.mysql.jdbc.ConnectionImpl.&lt;init&gt;(ConnectionImpl.java:832)
	at com.mysql.jdbc.JDBC4Connection.&lt;init&gt;(JDBC4Connection.java:46)
	at sun.reflect.GeneratedConstructorAccessor8.newInstance(Unknown Source)
	at sun.reflect.DelegatingConstructorAccessorImpl.newInstance(DelegatingConstructorAccessorImpl.java:27)
	at java.lang.reflect.Constructor.newInstance(Constructor.java:513)
	at com.mysql.jdbc.Util.handleNewInstance(Util.java:409)
	at com.mysql.jdbc.ConnectionImpl.getInstance(ConnectionImpl.java:417)
	at com.mysql.jdbc.NonRegisteringDriver.connect(NonRegisteringDriver.java:344)
	at com.alibaba.druid.filter.FilterChainImpl.connection_connect(FilterChainImpl.java:142)
	at com.alibaba.druid.filter.stat.StatFilter.connection_connect(StatFilter.java:211)
	at com.alibaba.druid.filter.FilterChainImpl.connection_connect(FilterChainImpl.java:136)
	at com.alibaba.druid.pool.DruidAbstractDataSource.createPhysicalConnection(DruidAbstractDataSource.java:1243)
	at com.alibaba.druid.pool.DruidAbstractDataSource.createPhysicalConnection(DruidAbstractDataSource.java:1297)
	at com.alibaba.druid.pool.DruidDataSource$CreateConnectionThread.run(DruidDataSource.java:1207)
Caused by: java.net.ConnectException: Connection refused: connect
	at java.net.PlainSocketImpl.socketConnect(Native Method)
	at java.net.PlainSocketImpl.doConnect(PlainSocketImpl.java:333)
	at java.net.PlainSocketImpl.connectToAddress(PlainSocketImpl.java:195)
	at java.net.PlainSocketImpl.connect(PlainSocketImpl.java:182)
	at java.net.SocksSocketImpl.connect(SocksSocketImpl.java:366)
	at java.net.Socket.connect(Socket.java:519)
	at java.net.Socket.connect(Socket.java:469)
	at java.net.Socket.&lt;init&gt;(Socket.java:366)
	at java.net.Socket.&lt;init&gt;(Socket.java:209)
	at com.mysql.jdbc.StandardSocketFactory.connect(StandardSocketFactory.java:258)
	at com.mysql.jdbc.MysqlIO.&lt;init&gt;(MysqlIO.java:306)
	... 17 more
[org.springframework.orm.hibernate4.HibernateTransactionManager]Using DataSource [{
	CreateTime:&quot;2015-03-17 10:52:16&quot;,
	ActiveCount:0,
	PoolingCount:0,
	CreateCount:0,
	DestroyCount:0,
	CloseCount:0,
	ConnectCount:2,
	Connections:[
	]
}] of Hibernate SessionFactory for HibernateTransactionManager
[com.alibaba.druid.pool.DruidDataSource]create connection error
com.mysql.jdbc.exceptions.jdbc4.CommunicationsException: Communications link failure

The last packet sent successfully to the server was 0 milliseconds ago. The driver has not received any packets from the server.
	at sun.reflect.GeneratedConstructorAccessor11.newInstance(Unknown Source)
	at sun.reflect.DelegatingConstructorAccessorImpl.newInstance(DelegatingConstructorAccessorImpl.java:27)
	at java.lang.reflect.Constructor.newInstance(Constructor.java:513)
	at com.mysql.jdbc.Util.handleNewInstance(Util.java:409)
	at com.mysql.jdbc.SQLError.createCommunicationsException(SQLError.java:1127)
	at com.mysql.jdbc.MysqlIO.&lt;init&gt;(MysqlIO.java:356)
	at com.mysql.jdbc.ConnectionImpl.coreConnect(ConnectionImpl.java:2502)
	at com.mysql.jdbc.ConnectionImpl.connectOneTryOnly(ConnectionImpl.java:2539)
	at com.mysql.jdbc.ConnectionImpl.createNewIO(ConnectionImpl.java:2321)
	at com.mysql.jdbc.ConnectionImpl.&lt;init&gt;(ConnectionImpl.java:832)
	at com.mysql.jdbc.JDBC4Connection.&lt;init&gt;(JDBC4Connection.java:46)
	at sun.reflect.GeneratedConstructorAccessor8.newInstance(Unknown Source)
	at sun.reflect.DelegatingConstructorAccessorImpl.newInstance(DelegatingConstructorAccessorImpl.java:27)
	at java.lang.reflect.Constructor.newInstance(Constructor.java:513)
	at com.mysql.jdbc.Util.handleNewInstance(Util.java:409)
	at com.mysql.jdbc.ConnectionImpl.getInstance(ConnectionImpl.java:417)
	at com.mysql.jdbc.NonRegisteringDriver.connect(NonRegisteringDriver.java:344)
	at com.alibaba.druid.filter.FilterChainImpl.connection_connect(FilterChainImpl.java:142)
	at com.alibaba.druid.filter.stat.StatFilter.connection_connect(StatFilter.java:211)
	at com.alibaba.druid.filter.FilterChainImpl.connection_connect(FilterChainImpl.java:136)
	at com.alibaba.druid.pool.DruidAbstractDataSource.createPhysicalConnection(DruidAbstractDataSource.java:1243)
	at com.alibaba.druid.pool.DruidAbstractDataSource.createPhysicalConnection(DruidAbstractDataSource.java:1297)
	at com.alibaba.druid.pool.DruidDataSource$CreateConnectionThread.run(DruidDataSource.java:1207)
Caused by: java.net.ConnectException: Connection refused: connect
	at java.net.PlainSocketImpl.socketConnect(Native Method)
	at java.net.PlainSocketImpl.doConnect(PlainSocketImpl.java:333)
	at java.net.PlainSocketImpl.connectToAddress(PlainSocketImpl.java:195)
	at java.net.PlainSocketImpl.connect(PlainSocketImpl.java:182)
	at java.net.SocksSocketImpl.connect(SocksSocketImpl.java:366)
	at java.net.Socket.connect(Socket.java:519)
	at java.net.Socket.connect(Socket.java:469)
	at java.net.Socket.&lt;init&gt;(Socket.java:366)
	at java.net.Socket.&lt;init&gt;(Socket.java:209)
	at com.mysql.jdbc.StandardSocketFactory.connect(StandardSocketFactory.java:258)
	at com.mysql.jdbc.MysqlIO.&lt;init&gt;(MysqlIO.java:306)
	... 17 more
[com.alibaba.druid.pool.DruidDataSource]create connection error
com.mysql.jdbc.exceptions.jdbc4.CommunicationsException: Communications link failure

The last packet sent successfully to the server was 0 milliseconds ago. The driver has not received any packets from the server.
	at sun.reflect.GeneratedConstructorAccessor11.newInstance(Unknown Source)
	at sun.reflect.DelegatingConstructorAccessorImpl.newInstance(DelegatingConstructorAccessorImpl.java:27)
	at java.lang.reflect.Constructor.newInstance(Constructor.java:513)
	at com.mysql.jdbc.Util.handleNewInstance(Util.java:409)
	at com.mysql.jdbc.SQLError.createCommunicationsException(SQLError.java:1127)
	at com.mysql.jdbc.MysqlIO.&lt;init&gt;(MysqlIO.java:356)
	at com.mysql.jdbc.ConnectionImpl.coreConnect(ConnectionImpl.java:2502)
	at com.mysql.jdbc.ConnectionImpl.connectOneTryOnly(ConnectionImpl.java:2539)
	at com.mysql.jdbc.ConnectionImpl.createNewIO(ConnectionImpl.java:2321)
	at com.mysql.jdbc.ConnectionImpl.&lt;init&gt;(ConnectionImpl.java:832)
	at com.mysql.jdbc.JDBC4Connection.&lt;init&gt;(JDBC4Connection.java:46)
	at sun.reflect.GeneratedConstructorAccessor8.newInstance(Unknown Source)
	at sun.reflect.DelegatingConstructorAccessorImpl.newInstance(DelegatingConstructorAccessorImpl.java:27)
	at java.lang.reflect.Constructor.newInstance(Constructor.java:513)
	at com.mysql.jdbc.Util.handleNewInstance(Util.java:409)
	at com.mysql.jdbc.ConnectionImpl.getInstance(ConnectionImpl.java:417)
	at com.mysql.jdbc.NonRegisteringDriver.connect(NonRegisteringDriver.java:344)
	at com.alibaba.druid.filter.FilterChainImpl.connection_connect(FilterChainImpl.java:142)
	at com.alibaba.druid.filter.stat.StatFilter.connection_connect(StatFilter.java:211)
	at com.alibaba.druid.filter.FilterChainImpl.connection_connect(FilterChainImpl.java:136)
	at com.alibaba.druid.pool.DruidAbstractDataSource.createPhysicalConnection(DruidAbstractDataSource.java:1243)
	at com.alibaba.druid.pool.DruidAbstractDataSource.createPhysicalConnection(DruidAbstractDataSource.java:1297)
	at com.alibaba.druid.pool.DruidDataSource$CreateConnectionThread.run(DruidDataSource.java:1207)
Caused by: java.net.ConnectException: Connection refused: connect
	at java.net.PlainSocketImpl.socketConnect(Native Method)
	at java.net.PlainSocketImpl.doConnect(PlainSocketImpl.java:333)
	at java.net.PlainSocketImpl.connectToAddress(PlainSocketImpl.java:195)
	at java.net.PlainSocketImpl.connect(PlainSocketImpl.java:182)
	at java.net.SocksSocketImpl.connect(SocksSocketImpl.java:366)
	at java.net.Socket.connect(Socket.java:519)
	at java.net.Socket.connect(Socket.java:469)
	at java.net.Socket.&lt;init&gt;(Socket.java:366)
	at java.net.Socket.&lt;init&gt;(Socket.java:209)
	at com.mysql.jdbc.StandardSocketFactory.connect(StandardSocketFactory.java:258)
	at com.mysql.jdbc.MysqlIO.&lt;init&gt;(MysqlIO.java:306)
	... 17 more
[org.hibernate.engine.jdbc.spi.SqlExceptionHelper]SQL Error: 0, SQLState: null
[org.hibernate.engine.jdbc.spi.SqlExceptionHelper]com.mysql.jdbc.exceptions.jdbc4.CommunicationsException: Communications link failure

The last packet sent successfully to the server was 0 milliseconds ago. The driver has not received any packets from the server.
</system-out>
  </testcase>
</testsuite>